{"C:\\Users\\QAKrisDuff\\Documents\\Github\\QA-concourse\\QA-Concourse-Frontend\\src\\components\\login.component.js": {"path":"C:\\Users\\QAKrisDuff\\Documents\\Github\\QA-concourse\\QA-Concourse-Frontend\\src\\components\\login.component.js","statementMap":{"0":{"start":{"line":13,"column":8},"end":{"line":13,"column":21}},"1":{"start":{"line":15,"column":8},"end":{"line":17,"column":9}},"2":{"start":{"line":16,"column":12},"end":{"line":16,"column":41}},"3":{"start":{"line":18,"column":8},"end":{"line":21,"column":10}},"4":{"start":{"line":24,"column":21},"end":{"line":28,"column":5}},"5":{"start":{"line":25,"column":8},"end":{"line":27,"column":11}},"6":{"start":{"line":30,"column":21},"end":{"line":34,"column":5}},"7":{"start":{"line":31,"column":8},"end":{"line":33,"column":10}},"8":{"start":{"line":37,"column":2},"end":{"line":37,"column":89}},"9":{"start":{"line":40,"column":15},"end":{"line":91,"column":5}},"10":{"start":{"line":41,"column":8},"end":{"line":41,"column":31}},"11":{"start":{"line":43,"column":21},"end":{"line":47,"column":9}},"12":{"start":{"line":49,"column":22},"end":{"line":51,"column":9}},"13":{"start":{"line":53,"column":8},"end":{"line":90,"column":15}},"14":{"start":{"line":55,"column":16},"end":{"line":85,"column":17}},"15":{"start":{"line":56,"column":33},"end":{"line":56,"column":53}},"16":{"start":{"line":57,"column":20},"end":{"line":57,"column":51}},"17":{"start":{"line":58,"column":20},"end":{"line":77,"column":21}},"18":{"start":{"line":59,"column":24},"end":{"line":73,"column":25}},"19":{"start":{"line":60,"column":28},"end":{"line":60,"column":136}},"20":{"start":{"line":61,"column":28},"end":{"line":61,"column":65}},"21":{"start":{"line":62,"column":28},"end":{"line":62,"column":87}},"22":{"start":{"line":64,"column":29},"end":{"line":73,"column":25}},"23":{"start":{"line":65,"column":28},"end":{"line":65,"column":106}},"24":{"start":{"line":66,"column":28},"end":{"line":66,"column":65}},"25":{"start":{"line":67,"column":28},"end":{"line":67,"column":87}},"26":{"start":{"line":69,"column":28},"end":{"line":69,"column":101}},"27":{"start":{"line":71,"column":28},"end":{"line":71,"column":65}},"28":{"start":{"line":72,"column":28},"end":{"line":72,"column":87}},"29":{"start":{"line":76,"column":24},"end":{"line":76,"column":51}},"30":{"start":{"line":79,"column":21},"end":{"line":85,"column":17}},"31":{"start":{"line":80,"column":20},"end":{"line":80,"column":67}},"32":{"start":{"line":81,"column":20},"end":{"line":81,"column":64}},"33":{"start":{"line":83,"column":20},"end":{"line":83,"column":58}},"34":{"start":{"line":84,"column":20},"end":{"line":84,"column":50}},"35":{"start":{"line":88,"column":16},"end":{"line":88,"column":48}},"36":{"start":{"line":89,"column":16},"end":{"line":89,"column":43}},"37":{"start":{"line":94,"column":8},"end":{"line":110,"column":9}}},"fnMap":{"0":{"name":"(anonymous_0)","decl":{"start":{"line":12,"column":4},"end":{"line":12,"column":5}},"loc":{"start":{"line":12,"column":23},"end":{"line":22,"column":5}},"line":12},"1":{"name":"(anonymous_1)","decl":{"start":{"line":24,"column":21},"end":{"line":24,"column":22}},"loc":{"start":{"line":24,"column":30},"end":{"line":28,"column":5}},"line":24},"2":{"name":"(anonymous_2)","decl":{"start":{"line":30,"column":21},"end":{"line":30,"column":22}},"loc":{"start":{"line":30,"column":30},"end":{"line":34,"column":5}},"line":30},"3":{"name":"(anonymous_3)","decl":{"start":{"line":36,"column":1},"end":{"line":36,"column":2}},"loc":{"start":{"line":36,"column":18},"end":{"line":38,"column":2}},"line":36},"4":{"name":"(anonymous_4)","decl":{"start":{"line":40,"column":15},"end":{"line":40,"column":16}},"loc":{"start":{"line":40,"column":24},"end":{"line":91,"column":5}},"line":40},"5":{"name":"(anonymous_5)","decl":{"start":{"line":54,"column":18},"end":{"line":54,"column":19}},"loc":{"start":{"line":54,"column":33},"end":{"line":86,"column":13}},"line":54},"6":{"name":"(anonymous_6)","decl":{"start":{"line":87,"column":19},"end":{"line":87,"column":20}},"loc":{"start":{"line":87,"column":28},"end":{"line":90,"column":13}},"line":87},"7":{"name":"(anonymous_7)","decl":{"start":{"line":93,"column":4},"end":{"line":93,"column":5}},"loc":{"start":{"line":93,"column":13},"end":{"line":111,"column":5}},"line":93}},"branchMap":{"0":{"loc":{"start":{"line":15,"column":8},"end":{"line":17,"column":9}},"type":"if","locations":[{"start":{"line":15,"column":8},"end":{"line":17,"column":9}},{"start":{"line":15,"column":8},"end":{"line":17,"column":9}}],"line":15},"1":{"loc":{"start":{"line":55,"column":16},"end":{"line":85,"column":17}},"type":"if","locations":[{"start":{"line":55,"column":16},"end":{"line":85,"column":17}},{"start":{"line":55,"column":16},"end":{"line":85,"column":17}}],"line":55},"2":{"loc":{"start":{"line":58,"column":20},"end":{"line":77,"column":21}},"type":"if","locations":[{"start":{"line":58,"column":20},"end":{"line":77,"column":21}},{"start":{"line":58,"column":20},"end":{"line":77,"column":21}}],"line":58},"3":{"loc":{"start":{"line":59,"column":24},"end":{"line":73,"column":25}},"type":"if","locations":[{"start":{"line":59,"column":24},"end":{"line":73,"column":25}},{"start":{"line":59,"column":24},"end":{"line":73,"column":25}}],"line":59},"4":{"loc":{"start":{"line":64,"column":29},"end":{"line":73,"column":25}},"type":"if","locations":[{"start":{"line":64,"column":29},"end":{"line":73,"column":25}},{"start":{"line":64,"column":29},"end":{"line":73,"column":25}}],"line":64},"5":{"loc":{"start":{"line":79,"column":21},"end":{"line":85,"column":17}},"type":"if","locations":[{"start":{"line":79,"column":21},"end":{"line":85,"column":17}},{"start":{"line":79,"column":21},"end":{"line":85,"column":17}}],"line":79}},"s":{"0":4,"1":4,"2":0,"3":4,"4":4,"5":0,"6":4,"7":0,"8":0,"9":4,"10":1,"11":1,"12":1,"13":1,"14":0,"15":0,"16":0,"17":0,"18":0,"19":0,"20":0,"21":0,"22":0,"23":0,"24":0,"25":0,"26":0,"27":0,"28":0,"29":0,"30":0,"31":0,"32":0,"33":0,"34":0,"35":0,"36":0,"37":4},"f":{"0":4,"1":0,"2":0,"3":0,"4":1,"5":0,"6":0,"7":4},"b":{"0":[0,4],"1":[0,0],"2":[0,0],"3":[0,0],"4":[0,0],"5":[0,0]},"_coverageSchema":"43e27e138ebf9cfc5966b082cf9a028302ed4184","hash":"5c4fa30eef824e0884e16e5ec1c4c63df851f41c"}
,"C:\\Users\\QAKrisDuff\\Documents\\Github\\QA-concourse\\QA-Concourse-Frontend\\src\\components\\modules\\authService.js": {"path":"C:\\Users\\QAKrisDuff\\Documents\\Github\\QA-concourse\\QA-Concourse-Frontend\\src\\components\\modules\\authService.js","statementMap":{"0":{"start":{"line":5,"column":14},"end":{"line":5,"column":49}},"1":{"start":{"line":6,"column":27},"end":{"line":6,"column":65}},"2":{"start":{"line":8,"column":27},"end":{"line":13,"column":1}},"3":{"start":{"line":12,"column":30},"end":{"line":12,"column":61}},"4":{"start":{"line":34,"column":4},"end":{"line":34,"column":43}},"5":{"start":{"line":35,"column":4},"end":{"line":35,"column":34}}},"fnMap":{"0":{"name":"(anonymous_0)","decl":{"start":{"line":12,"column":4},"end":{"line":12,"column":5}},"loc":{"start":{"line":12,"column":28},"end":{"line":12,"column":63}},"line":12},"1":{"name":"logout","decl":{"start":{"line":32,"column":9},"end":{"line":32,"column":15}},"loc":{"start":{"line":32,"column":18},"end":{"line":36,"column":1}},"line":32}},"branchMap":{},"s":{"0":1,"1":1,"2":1,"3":4,"4":0,"5":0},"f":{"0":4,"1":0},"b":{},"_coverageSchema":"43e27e138ebf9cfc5966b082cf9a028302ed4184","hash":"589953f3cc6e03514974851a11293e7a9a293796"}
}
