{"C:\\Users\\Bibek Gurung\\Documents\\QA Bursary Project\\Github\\0619(June)\\11-06-2019 (React)\\QA-Concourse-Frontend\\src\\components\\create-trainee.component.js": {"path":"C:\\Users\\Bibek Gurung\\Documents\\QA Bursary Project\\Github\\0619(June)\\11-06-2019 (React)\\QA-Concourse-Frontend\\src\\components\\create-trainee.component.js","statementMap":{"0":{"start":{"line":21,"column":8},"end":{"line":21,"column":21}},"1":{"start":{"line":22,"column":8},"end":{"line":22,"column":73}},"2":{"start":{"line":23,"column":8},"end":{"line":23,"column":73}},"3":{"start":{"line":24,"column":8},"end":{"line":24,"column":73}},"4":{"start":{"line":25,"column":8},"end":{"line":25,"column":79}},"5":{"start":{"line":26,"column":8},"end":{"line":26,"column":49}},"6":{"start":{"line":27,"column":8},"end":{"line":27,"column":67}},"7":{"start":{"line":28,"column":8},"end":{"line":28,"column":63}},"8":{"start":{"line":29,"column":8},"end":{"line":29,"column":77}},"9":{"start":{"line":30,"column":8},"end":{"line":30,"column":73}},"10":{"start":{"line":31,"column":8},"end":{"line":31,"column":61}},"11":{"start":{"line":32,"column":8},"end":{"line":32,"column":75}},"12":{"start":{"line":33,"column":8},"end":{"line":33,"column":61}},"13":{"start":{"line":34,"column":8},"end":{"line":34,"column":67}},"14":{"start":{"line":36,"column":8},"end":{"line":70,"column":9}},"15":{"start":{"line":75,"column":8},"end":{"line":95,"column":11}},"16":{"start":{"line":77,"column":10},"end":{"line":94,"column":13}},"17":{"start":{"line":78,"column":12},"end":{"line":78,"column":33}},"18":{"start":{"line":79,"column":12},"end":{"line":81,"column":13}},"19":{"start":{"line":80,"column":14},"end":{"line":80,"column":96}},"20":{"start":{"line":84,"column":12},"end":{"line":84,"column":39}},"21":{"start":{"line":85,"column":12},"end":{"line":87,"column":14}},"22":{"start":{"line":88,"column":12},"end":{"line":93,"column":18}},"23":{"start":{"line":89,"column":16},"end":{"line":89,"column":43}},"24":{"start":{"line":90,"column":16},"end":{"line":92,"column":77}},"25":{"start":{"line":97,"column":8},"end":{"line":102,"column":11}},"26":{"start":{"line":98,"column":12},"end":{"line":100,"column":15}},"27":{"start":{"line":101,"column":12},"end":{"line":101,"column":39}},"28":{"start":{"line":104,"column":8},"end":{"line":108,"column":11}},"29":{"start":{"line":105,"column":12},"end":{"line":107,"column":15}},"30":{"start":{"line":112,"column":8},"end":{"line":114,"column":11}},"31":{"start":{"line":118,"column":8},"end":{"line":120,"column":11}},"32":{"start":{"line":124,"column":8},"end":{"line":126,"column":11}},"33":{"start":{"line":130,"column":8},"end":{"line":132,"column":11}},"34":{"start":{"line":136,"column":2},"end":{"line":139,"column":10}},"35":{"start":{"line":140,"column":8},"end":{"line":140,"column":57}},"36":{"start":{"line":144,"column":2},"end":{"line":146,"column":4}},"37":{"start":{"line":147,"column":2},"end":{"line":147,"column":49}},"38":{"start":{"line":151,"column":8},"end":{"line":156,"column":10}},"39":{"start":{"line":157,"column":8},"end":{"line":157,"column":31}},"40":{"start":{"line":158,"column":8},"end":{"line":158,"column":51}},"41":{"start":{"line":162,"column":8},"end":{"line":167,"column":6}},"42":{"start":{"line":168,"column":8},"end":{"line":168,"column":49}},"43":{"start":{"line":172,"column":8},"end":{"line":185,"column":9}},"44":{"start":{"line":173,"column":12},"end":{"line":177,"column":15}},"45":{"start":{"line":180,"column":12},"end":{"line":184,"column":15}},"46":{"start":{"line":189,"column":8},"end":{"line":191,"column":10}},"47":{"start":{"line":195,"column":21},"end":{"line":195,"column":42}},"48":{"start":{"line":196,"column":20},"end":{"line":196,"column":35}},"49":{"start":{"line":198,"column":8},"end":{"line":211,"column":9}},"50":{"start":{"line":199,"column":12},"end":{"line":210,"column":13}},"51":{"start":{"line":200,"column":16},"end":{"line":202,"column":18}},"52":{"start":{"line":205,"column":16},"end":{"line":207,"column":19}},"53":{"start":{"line":208,"column":16},"end":{"line":208,"column":43}},"54":{"start":{"line":209,"column":16},"end":{"line":209,"column":22}},"55":{"start":{"line":215,"column":21},"end":{"line":215,"column":38}},"56":{"start":{"line":216,"column":22},"end":{"line":216,"column":40}},"57":{"start":{"line":218,"column":8},"end":{"line":232,"column":9}},"58":{"start":{"line":219,"column":12},"end":{"line":231,"column":13}},"59":{"start":{"line":220,"column":16},"end":{"line":222,"column":18}},"60":{"start":{"line":223,"column":16},"end":{"line":223,"column":44}},"61":{"start":{"line":226,"column":16},"end":{"line":228,"column":19}},"62":{"start":{"line":229,"column":16},"end":{"line":229,"column":43}},"63":{"start":{"line":230,"column":16},"end":{"line":230,"column":22}},"64":{"start":{"line":236,"column":8},"end":{"line":244,"column":9}},"65":{"start":{"line":237,"column":12},"end":{"line":239,"column":14}},"66":{"start":{"line":241,"column":12},"end":{"line":243,"column":14}},"67":{"start":{"line":248,"column":8},"end":{"line":250,"column":10}},"68":{"start":{"line":254,"column":8},"end":{"line":256,"column":10}},"69":{"start":{"line":260,"column":8},"end":{"line":262,"column":10}},"70":{"start":{"line":266,"column":8},"end":{"line":268,"column":10}},"71":{"start":{"line":272,"column":8},"end":{"line":274,"column":10}},"72":{"start":{"line":278,"column":8},"end":{"line":290,"column":9}},"73":{"start":{"line":279,"column":12},"end":{"line":281,"column":14}},"74":{"start":{"line":283,"column":12},"end":{"line":288,"column":15}},"75":{"start":{"line":286,"column":16},"end":{"line":286,"column":43}},"76":{"start":{"line":287,"column":16},"end":{"line":287,"column":51}},"77":{"start":{"line":289,"column":12},"end":{"line":289,"column":37}},"78":{"start":{"line":293,"column":8},"end":{"line":305,"column":9}},"79":{"start":{"line":294,"column":12},"end":{"line":296,"column":14}},"80":{"start":{"line":298,"column":12},"end":{"line":303,"column":15}},"81":{"start":{"line":301,"column":16},"end":{"line":301,"column":43}},"82":{"start":{"line":302,"column":16},"end":{"line":302,"column":47}},"83":{"start":{"line":304,"column":12},"end":{"line":304,"column":33}},"84":{"start":{"line":306,"column":8},"end":{"line":306,"column":44}},"85":{"start":{"line":307,"column":8},"end":{"line":307,"column":45}},"86":{"start":{"line":311,"column":8},"end":{"line":313,"column":10}},"87":{"start":{"line":314,"column":8},"end":{"line":314,"column":42}},"88":{"start":{"line":315,"column":8},"end":{"line":315,"column":44}},"89":{"start":{"line":319,"column":8},"end":{"line":321,"column":10}},"90":{"start":{"line":326,"column":8},"end":{"line":330,"column":21}},"91":{"start":{"line":329,"column":23},"end":{"line":329,"column":67}},"92":{"start":{"line":335,"column":8},"end":{"line":335,"column":23}},"93":{"start":{"line":336,"column":8},"end":{"line":336,"column":27}},"94":{"start":{"line":340,"column":8},"end":{"line":354,"column":9}},"95":{"start":{"line":342,"column":12},"end":{"line":353,"column":13}},"96":{"start":{"line":343,"column":16},"end":{"line":343,"column":47}},"97":{"start":{"line":345,"column":17},"end":{"line":353,"column":13}},"98":{"start":{"line":346,"column":16},"end":{"line":346,"column":52}},"99":{"start":{"line":348,"column":17},"end":{"line":353,"column":13}},"100":{"start":{"line":349,"column":16},"end":{"line":349,"column":49}},"101":{"start":{"line":351,"column":17},"end":{"line":353,"column":13}},"102":{"start":{"line":352,"column":16},"end":{"line":352,"column":50}},"103":{"start":{"line":356,"column":8},"end":{"line":450,"column":9}},"104":{"start":{"line":358,"column":16},"end":{"line":358,"column":67}},"105":{"start":{"line":359,"column":16},"end":{"line":359,"column":22}},"106":{"start":{"line":361,"column":16},"end":{"line":361,"column":112}},"107":{"start":{"line":362,"column":16},"end":{"line":362,"column":22}},"108":{"start":{"line":364,"column":34},"end":{"line":364,"column":139}},"109":{"start":{"line":366,"column":4},"end":{"line":368,"column":17}},"110":{"start":{"line":367,"column":16},"end":{"line":367,"column":22}},"111":{"start":{"line":370,"column":34},"end":{"line":370,"column":129}},"112":{"start":{"line":372,"column":16},"end":{"line":374,"column":17}},"113":{"start":{"line":373,"column":20},"end":{"line":373,"column":26}},"114":{"start":{"line":376,"column":12},"end":{"line":376,"column":43}},"115":{"start":{"line":377,"column":12},"end":{"line":377,"column":92}},"116":{"start":{"line":378,"column":12},"end":{"line":387,"column":13}},"117":{"start":{"line":379,"column":16},"end":{"line":386,"column":18}},"118":{"start":{"line":380,"column":20},"end":{"line":385,"column":21}},"119":{"start":{"line":381,"column":24},"end":{"line":381,"column":71}},"120":{"start":{"line":384,"column":24},"end":{"line":384,"column":46}},"121":{"start":{"line":388,"column":12},"end":{"line":397,"column":13}},"122":{"start":{"line":389,"column":16},"end":{"line":396,"column":18}},"123":{"start":{"line":390,"column":20},"end":{"line":395,"column":21}},"124":{"start":{"line":391,"column":24},"end":{"line":391,"column":60}},"125":{"start":{"line":394,"column":24},"end":{"line":394,"column":46}},"126":{"start":{"line":398,"column":29},"end":{"line":421,"column":13}},"127":{"start":{"line":422,"column":12},"end":{"line":422,"column":100}},"128":{"start":{"line":423,"column":3},"end":{"line":423,"column":41}},"129":{"start":{"line":424,"column":12},"end":{"line":424,"column":36}},"130":{"start":{"line":425,"column":12},"end":{"line":449,"column":22}},"131":{"start":{"line":427,"column":24},"end":{"line":447,"column":25}},"132":{"start":{"line":428,"column":28},"end":{"line":428,"column":61}},"133":{"start":{"line":431,"column":28},"end":{"line":436,"column":35}},"134":{"start":{"line":435,"column":36},"end":{"line":435,"column":62}},"135":{"start":{"line":438,"column":28},"end":{"line":446,"column":35}},"136":{"start":{"line":443,"column":36},"end":{"line":443,"column":63}},"137":{"start":{"line":444,"column":36},"end":{"line":444,"column":65}},"138":{"start":{"line":445,"column":36},"end":{"line":445,"column":61}},"139":{"start":{"line":454,"column":4},"end":{"line":682,"column":5}},"140":{"start":{"line":455,"column":5},"end":{"line":457,"column":6}},"141":{"start":{"line":458,"column":8},"end":{"line":681,"column":9}},"142":{"start":{"line":462,"column":72},"end":{"line":462,"column":102}},"143":{"start":{"line":462,"column":103},"end":{"line":462,"column":132}}},"fnMap":{"0":{"name":"(anonymous_0)","decl":{"start":{"line":20,"column":4},"end":{"line":20,"column":5}},"loc":{"start":{"line":20,"column":23},"end":{"line":71,"column":5}},"line":20},"1":{"name":"(anonymous_1)","decl":{"start":{"line":74,"column":4},"end":{"line":74,"column":5}},"loc":{"start":{"line":74,"column":23},"end":{"line":109,"column":5}},"line":74},"2":{"name":"(anonymous_2)","decl":{"start":{"line":76,"column":14},"end":{"line":76,"column":15}},"loc":{"start":{"line":76,"column":26},"end":{"line":95,"column":9}},"line":76},"3":{"name":"(anonymous_3)","decl":{"start":{"line":88,"column":89},"end":{"line":88,"column":90}},"loc":{"start":{"line":88,"column":100},"end":{"line":93,"column":17}},"line":88},"4":{"name":"(anonymous_4)","decl":{"start":{"line":97,"column":92},"end":{"line":97,"column":93}},"loc":{"start":{"line":97,"column":104},"end":{"line":102,"column":9}},"line":97},"5":{"name":"(anonymous_5)","decl":{"start":{"line":104,"column":92},"end":{"line":104,"column":93}},"loc":{"start":{"line":104,"column":104},"end":{"line":108,"column":9}},"line":104},"6":{"name":"(anonymous_6)","decl":{"start":{"line":111,"column":4},"end":{"line":111,"column":5}},"loc":{"start":{"line":111,"column":28},"end":{"line":115,"column":5}},"line":111},"7":{"name":"(anonymous_7)","decl":{"start":{"line":117,"column":4},"end":{"line":117,"column":5}},"loc":{"start":{"line":117,"column":28},"end":{"line":121,"column":5}},"line":117},"8":{"name":"(anonymous_8)","decl":{"start":{"line":123,"column":4},"end":{"line":123,"column":5}},"loc":{"start":{"line":123,"column":28},"end":{"line":127,"column":5}},"line":123},"9":{"name":"(anonymous_9)","decl":{"start":{"line":129,"column":4},"end":{"line":129,"column":5}},"loc":{"start":{"line":129,"column":31},"end":{"line":133,"column":5}},"line":129},"10":{"name":"(anonymous_10)","decl":{"start":{"line":135,"column":1},"end":{"line":135,"column":2}},"loc":{"start":{"line":135,"column":40},"end":{"line":141,"column":2}},"line":135},"11":{"name":"(anonymous_11)","decl":{"start":{"line":143,"column":1},"end":{"line":143,"column":2}},"loc":{"start":{"line":143,"column":36},"end":{"line":148,"column":2}},"line":143},"12":{"name":"(anonymous_12)","decl":{"start":{"line":150,"column":24},"end":{"line":150,"column":25}},"loc":{"start":{"line":150,"column":38},"end":{"line":159,"column":5}},"line":150},"13":{"name":"(anonymous_13)","decl":{"start":{"line":161,"column":22},"end":{"line":161,"column":23}},"loc":{"start":{"line":161,"column":34},"end":{"line":169,"column":5}},"line":161},"14":{"name":"(anonymous_14)","decl":{"start":{"line":171,"column":4},"end":{"line":171,"column":5}},"loc":{"start":{"line":171,"column":22},"end":{"line":186,"column":5}},"line":171},"15":{"name":"(anonymous_15)","decl":{"start":{"line":188,"column":21},"end":{"line":188,"column":22}},"loc":{"start":{"line":188,"column":27},"end":{"line":192,"column":5}},"line":188},"16":{"name":"(anonymous_16)","decl":{"start":{"line":194,"column":4},"end":{"line":194,"column":5}},"loc":{"start":{"line":194,"column":24},"end":{"line":212,"column":5}},"line":194},"17":{"name":"(anonymous_17)","decl":{"start":{"line":214,"column":4},"end":{"line":214,"column":5}},"loc":{"start":{"line":214,"column":19},"end":{"line":233,"column":5}},"line":214},"18":{"name":"(anonymous_18)","decl":{"start":{"line":235,"column":24},"end":{"line":235,"column":25}},"loc":{"start":{"line":235,"column":30},"end":{"line":245,"column":5}},"line":235},"19":{"name":"(anonymous_19)","decl":{"start":{"line":247,"column":20},"end":{"line":247,"column":21}},"loc":{"start":{"line":247,"column":26},"end":{"line":251,"column":5}},"line":247},"20":{"name":"(anonymous_20)","decl":{"start":{"line":253,"column":22},"end":{"line":253,"column":23}},"loc":{"start":{"line":253,"column":28},"end":{"line":257,"column":5}},"line":253},"21":{"name":"(anonymous_21)","decl":{"start":{"line":259,"column":24},"end":{"line":259,"column":25}},"loc":{"start":{"line":259,"column":31},"end":{"line":263,"column":5}},"line":259},"22":{"name":"(anonymous_22)","decl":{"start":{"line":265,"column":22},"end":{"line":265,"column":23}},"loc":{"start":{"line":265,"column":29},"end":{"line":269,"column":5}},"line":265},"23":{"name":"(anonymous_23)","decl":{"start":{"line":271,"column":21},"end":{"line":271,"column":22}},"loc":{"start":{"line":271,"column":28},"end":{"line":275,"column":5}},"line":271},"24":{"name":"(anonymous_24)","decl":{"start":{"line":277,"column":19},"end":{"line":277,"column":20}},"loc":{"start":{"line":277,"column":33},"end":{"line":291,"column":7}},"line":277},"25":{"name":"(anonymous_25)","decl":{"start":{"line":285,"column":15},"end":{"line":285,"column":16}},"loc":{"start":{"line":285,"column":19},"end":{"line":288,"column":13}},"line":285},"26":{"name":"(anonymous_26)","decl":{"start":{"line":292,"column":19},"end":{"line":292,"column":20}},"loc":{"start":{"line":292,"column":33},"end":{"line":308,"column":5}},"line":292},"27":{"name":"(anonymous_27)","decl":{"start":{"line":300,"column":15},"end":{"line":300,"column":16}},"loc":{"start":{"line":300,"column":19},"end":{"line":303,"column":13}},"line":300},"28":{"name":"(anonymous_28)","decl":{"start":{"line":310,"column":23},"end":{"line":310,"column":24}},"loc":{"start":{"line":310,"column":30},"end":{"line":316,"column":5}},"line":310},"29":{"name":"(anonymous_29)","decl":{"start":{"line":318,"column":4},"end":{"line":318,"column":5}},"loc":{"start":{"line":318,"column":28},"end":{"line":322,"column":5}},"line":318},"30":{"name":"(anonymous_30)","decl":{"start":{"line":325,"column":4},"end":{"line":325,"column":5}},"loc":{"start":{"line":325,"column":24},"end":{"line":331,"column":5}},"line":325},"31":{"name":"(anonymous_31)","decl":{"start":{"line":329,"column":15},"end":{"line":329,"column":16}},"loc":{"start":{"line":329,"column":23},"end":{"line":329,"column":67}},"line":329},"32":{"name":"(anonymous_32)","decl":{"start":{"line":334,"column":4},"end":{"line":334,"column":5}},"loc":{"start":{"line":334,"column":16},"end":{"line":451,"column":5}},"line":334},"33":{"name":"(anonymous_33)","decl":{"start":{"line":379,"column":132},"end":{"line":379,"column":133}},"loc":{"start":{"line":379,"column":146},"end":{"line":386,"column":17}},"line":379},"34":{"name":"(anonymous_34)","decl":{"start":{"line":389,"column":132},"end":{"line":389,"column":133}},"loc":{"start":{"line":389,"column":146},"end":{"line":396,"column":17}},"line":389},"35":{"name":"(anonymous_35)","decl":{"start":{"line":426,"column":26},"end":{"line":426,"column":27}},"loc":{"start":{"line":426,"column":40},"end":{"line":448,"column":21}},"line":426},"36":{"name":"(anonymous_36)","decl":{"start":{"line":434,"column":38},"end":{"line":434,"column":39}},"loc":{"start":{"line":434,"column":52},"end":{"line":436,"column":33}},"line":434},"37":{"name":"(anonymous_37)","decl":{"start":{"line":442,"column":38},"end":{"line":442,"column":39}},"loc":{"start":{"line":442,"column":52},"end":{"line":446,"column":33}},"line":442},"38":{"name":"(anonymous_38)","decl":{"start":{"line":453,"column":3},"end":{"line":453,"column":4}},"loc":{"start":{"line":453,"column":12},"end":{"line":683,"column":4}},"line":453},"39":{"name":"(anonymous_39)","decl":{"start":{"line":462,"column":65},"end":{"line":462,"column":66}},"loc":{"start":{"line":462,"column":71},"end":{"line":462,"column":134}},"line":462}},"branchMap":{"0":{"loc":{"start":{"line":77,"column":10},"end":{"line":94,"column":13}},"type":"if","locations":[{"start":{"line":77,"column":10},"end":{"line":94,"column":13}},{"start":{"line":77,"column":10},"end":{"line":94,"column":13}}],"line":77},"1":{"loc":{"start":{"line":79,"column":12},"end":{"line":81,"column":13}},"type":"if","locations":[{"start":{"line":79,"column":12},"end":{"line":81,"column":13}},{"start":{"line":79,"column":12},"end":{"line":81,"column":13}}],"line":79},"2":{"loc":{"start":{"line":172,"column":8},"end":{"line":185,"column":9}},"type":"if","locations":[{"start":{"line":172,"column":8},"end":{"line":185,"column":9}},{"start":{"line":172,"column":8},"end":{"line":185,"column":9}}],"line":172},"3":{"loc":{"start":{"line":199,"column":12},"end":{"line":210,"column":13}},"type":"if","locations":[{"start":{"line":199,"column":12},"end":{"line":210,"column":13}},{"start":{"line":199,"column":12},"end":{"line":210,"column":13}}],"line":199},"4":{"loc":{"start":{"line":219,"column":12},"end":{"line":231,"column":13}},"type":"if","locations":[{"start":{"line":219,"column":12},"end":{"line":231,"column":13}},{"start":{"line":219,"column":12},"end":{"line":231,"column":13}}],"line":219},"5":{"loc":{"start":{"line":236,"column":8},"end":{"line":244,"column":9}},"type":"if","locations":[{"start":{"line":236,"column":8},"end":{"line":244,"column":9}},{"start":{"line":236,"column":8},"end":{"line":244,"column":9}}],"line":236},"6":{"loc":{"start":{"line":278,"column":8},"end":{"line":290,"column":9}},"type":"if","locations":[{"start":{"line":278,"column":8},"end":{"line":290,"column":9}},{"start":{"line":278,"column":8},"end":{"line":290,"column":9}}],"line":278},"7":{"loc":{"start":{"line":293,"column":8},"end":{"line":305,"column":9}},"type":"if","locations":[{"start":{"line":293,"column":8},"end":{"line":305,"column":9}},{"start":{"line":293,"column":8},"end":{"line":305,"column":9}}],"line":293},"8":{"loc":{"start":{"line":340,"column":8},"end":{"line":354,"column":9}},"type":"if","locations":[{"start":{"line":340,"column":8},"end":{"line":354,"column":9}},{"start":{"line":340,"column":8},"end":{"line":354,"column":9}}],"line":340},"9":{"loc":{"start":{"line":342,"column":12},"end":{"line":353,"column":13}},"type":"if","locations":[{"start":{"line":342,"column":12},"end":{"line":353,"column":13}},{"start":{"line":342,"column":12},"end":{"line":353,"column":13}}],"line":342},"10":{"loc":{"start":{"line":342,"column":16},"end":{"line":342,"column":90}},"type":"binary-expr","locations":[{"start":{"line":342,"column":16},"end":{"line":342,"column":52}},{"start":{"line":342,"column":56},"end":{"line":342,"column":90}}],"line":342},"11":{"loc":{"start":{"line":345,"column":17},"end":{"line":353,"column":13}},"type":"if","locations":[{"start":{"line":345,"column":17},"end":{"line":353,"column":13}},{"start":{"line":345,"column":17},"end":{"line":353,"column":13}}],"line":345},"12":{"loc":{"start":{"line":348,"column":17},"end":{"line":353,"column":13}},"type":"if","locations":[{"start":{"line":348,"column":17},"end":{"line":353,"column":13}},{"start":{"line":348,"column":17},"end":{"line":353,"column":13}}],"line":348},"13":{"loc":{"start":{"line":348,"column":21},"end":{"line":348,"column":193}},"type":"binary-expr","locations":[{"start":{"line":348,"column":21},"end":{"line":348,"column":105}},{"start":{"line":348,"column":109},"end":{"line":348,"column":193}}],"line":348},"14":{"loc":{"start":{"line":351,"column":17},"end":{"line":353,"column":13}},"type":"if","locations":[{"start":{"line":351,"column":17},"end":{"line":353,"column":13}},{"start":{"line":351,"column":17},"end":{"line":353,"column":13}}],"line":351},"15":{"loc":{"start":{"line":356,"column":8},"end":{"line":450,"column":9}},"type":"switch","locations":[{"start":{"line":357,"column":12},"end":{"line":359,"column":22}},{"start":{"line":360,"column":12},"end":{"line":362,"column":22}},{"start":{"line":363,"column":12},"end":{"line":368,"column":17}},{"start":{"line":369,"column":12},"end":{"line":374,"column":17}},{"start":{"line":375,"column":12},"end":{"line":449,"column":22}}],"line":356},"16":{"loc":{"start":{"line":366,"column":4},"end":{"line":368,"column":17}},"type":"if","locations":[{"start":{"line":366,"column":4},"end":{"line":368,"column":17}},{"start":{"line":366,"column":4},"end":{"line":368,"column":17}}],"line":366},"17":{"loc":{"start":{"line":372,"column":16},"end":{"line":374,"column":17}},"type":"if","locations":[{"start":{"line":372,"column":16},"end":{"line":374,"column":17}},{"start":{"line":372,"column":16},"end":{"line":374,"column":17}}],"line":372},"18":{"loc":{"start":{"line":378,"column":12},"end":{"line":387,"column":13}},"type":"if","locations":[{"start":{"line":378,"column":12},"end":{"line":387,"column":13}},{"start":{"line":378,"column":12},"end":{"line":387,"column":13}}],"line":378},"19":{"loc":{"start":{"line":380,"column":20},"end":{"line":385,"column":21}},"type":"if","locations":[{"start":{"line":380,"column":20},"end":{"line":385,"column":21}},{"start":{"line":380,"column":20},"end":{"line":385,"column":21}}],"line":380},"20":{"loc":{"start":{"line":388,"column":12},"end":{"line":397,"column":13}},"type":"if","locations":[{"start":{"line":388,"column":12},"end":{"line":397,"column":13}},{"start":{"line":388,"column":12},"end":{"line":397,"column":13}}],"line":388},"21":{"loc":{"start":{"line":390,"column":20},"end":{"line":395,"column":21}},"type":"if","locations":[{"start":{"line":390,"column":20},"end":{"line":395,"column":21}},{"start":{"line":390,"column":20},"end":{"line":395,"column":21}}],"line":390},"22":{"loc":{"start":{"line":427,"column":24},"end":{"line":447,"column":25}},"type":"if","locations":[{"start":{"line":427,"column":24},"end":{"line":447,"column":25}},{"start":{"line":427,"column":24},"end":{"line":447,"column":25}}],"line":427},"23":{"loc":{"start":{"line":454,"column":4},"end":{"line":682,"column":5}},"type":"if","locations":[{"start":{"line":454,"column":4},"end":{"line":682,"column":5}},{"start":{"line":454,"column":4},"end":{"line":682,"column":5}}],"line":454},"24":{"loc":{"start":{"line":454,"column":7},"end":{"line":454,"column":105}},"type":"binary-expr","locations":[{"start":{"line":454,"column":7},"end":{"line":454,"column":56}},{"start":{"line":454,"column":60},"end":{"line":454,"column":105}}],"line":454}},"s":{"0":28,"1":28,"2":28,"3":28,"4":28,"5":28,"6":28,"7":28,"8":28,"9":28,"10":28,"11":28,"12":28,"13":28,"14":28,"15":29,"16":0,"17":0,"18":0,"19":0,"20":0,"21":0,"22":0,"23":0,"24":0,"25":29,"26":0,"27":0,"28":29,"29":0,"30":2,"31":1,"32":1,"33":0,"34":0,"35":0,"36":0,"37":0,"38":0,"39":0,"40":0,"41":0,"42":0,"43":0,"44":0,"45":0,"46":0,"47":0,"48":0,"49":0,"50":0,"51":0,"52":0,"53":0,"54":0,"55":0,"56":0,"57":0,"58":0,"59":0,"60":0,"61":0,"62":0,"63":0,"64":1,"65":1,"66":0,"67":1,"68":0,"69":0,"70":1,"71":1,"72":0,"73":0,"74":0,"75":0,"76":0,"77":0,"78":0,"79":0,"80":0,"81":0,"82":0,"83":0,"84":0,"85":0,"86":0,"87":0,"88":0,"89":0,"90":2,"91":2,"92":1,"93":1,"94":1,"95":1,"96":0,"97":1,"98":0,"99":1,"100":0,"101":1,"102":0,"103":1,"104":0,"105":0,"106":0,"107":0,"108":0,"109":0,"110":0,"111":0,"112":0,"113":0,"114":1,"115":1,"116":1,"117":0,"118":0,"119":0,"120":0,"121":1,"122":0,"123":0,"124":0,"125":0,"126":1,"127":1,"128":1,"129":1,"130":1,"131":0,"132":0,"133":0,"134":0,"135":0,"136":0,"137":0,"138":0,"139":41,"140":0,"141":41,"142":0,"143":0},"f":{"0":28,"1":29,"2":0,"3":0,"4":0,"5":0,"6":2,"7":1,"8":1,"9":0,"10":0,"11":0,"12":0,"13":0,"14":0,"15":0,"16":0,"17":0,"18":1,"19":1,"20":0,"21":0,"22":1,"23":1,"24":0,"25":0,"26":0,"27":0,"28":0,"29":0,"30":2,"31":2,"32":1,"33":0,"34":0,"35":0,"36":0,"37":0,"38":41,"39":0},"b":{"0":[0,0],"1":[0,0],"2":[0,0],"3":[0,0],"4":[0,0],"5":[1,0],"6":[0,0],"7":[0,0],"8":[1,0],"9":[0,1],"10":[1,1],"11":[0,1],"12":[0,1],"13":[1,1],"14":[0,1],"15":[0,0,0,0,1],"16":[0,0],"17":[0,0],"18":[0,1],"19":[0,0],"20":[0,1],"21":[0,0],"22":[0,0],"23":[0,41],"24":[41,41]},"_coverageSchema":"332fd63041d2c1bcb487cc26dd0d5f7d97098a6c","hash":"4c4888a35798423a368b200072d75b2ef9e574f0"}
,"C:\\Users\\Bibek Gurung\\Documents\\QA Bursary Project\\Github\\0619(June)\\11-06-2019 (React)\\QA-Concourse-Frontend\\src\\components\\expenses-trainee.component.js": {"path":"C:\\Users\\Bibek Gurung\\Documents\\QA Bursary Project\\Github\\0619(June)\\11-06-2019 (React)\\QA-Concourse-Frontend\\src\\components\\expenses-trainee.component.js","statementMap":{"0":{"start":{"line":13,"column":8},"end":{"line":13,"column":21}},"1":{"start":{"line":15,"column":8},"end":{"line":15,"column":49}},"2":{"start":{"line":17,"column":8},"end":{"line":27,"column":9}},"3":{"start":{"line":32,"column":8},"end":{"line":36,"column":11}},"4":{"start":{"line":34,"column":12},"end":{"line":34,"column":34}},"5":{"start":{"line":35,"column":12},"end":{"line":35,"column":37}},"6":{"start":{"line":39,"column":22},"end":{"line":39,"column":73}},"7":{"start":{"line":43,"column":8},"end":{"line":52,"column":9}},"8":{"start":{"line":44,"column":12},"end":{"line":46,"column":15}},"9":{"start":{"line":49,"column":12},"end":{"line":51,"column":15}},"10":{"start":{"line":53,"column":8},"end":{"line":55,"column":11}},"11":{"start":{"line":59,"column":8},"end":{"line":61,"column":10}},"12":{"start":{"line":65,"column":8},"end":{"line":67,"column":10}},"13":{"start":{"line":71,"column":8},"end":{"line":78,"column":14}},"14":{"start":{"line":73,"column":16},"end":{"line":73,"column":57}},"15":{"start":{"line":74,"column":16},"end":{"line":74,"column":46}},"16":{"start":{"line":77,"column":16},"end":{"line":77,"column":35}},"17":{"start":{"line":79,"column":8},"end":{"line":98,"column":14}},"18":{"start":{"line":81,"column":16},"end":{"line":94,"column":17}},"19":{"start":{"line":82,"column":20},"end":{"line":90,"column":26}},"20":{"start":{"line":84,"column":28},"end":{"line":89,"column":29}},"21":{"start":{"line":85,"column":32},"end":{"line":85,"column":91}},"22":{"start":{"line":88,"column":32},"end":{"line":88,"column":146}},"23":{"start":{"line":93,"column":20},"end":{"line":93,"column":88}},"24":{"start":{"line":97,"column":16},"end":{"line":97,"column":35}},"25":{"start":{"line":100,"column":8},"end":{"line":110,"column":10}},"26":{"start":{"line":102,"column":12},"end":{"line":108,"column":17}},"27":{"start":{"line":104,"column":38},"end":{"line":104,"column":92}},"28":{"start":{"line":106,"column":20},"end":{"line":106,"column":58}},"29":{"start":{"line":109,"column":12},"end":{"line":109,"column":33}},"30":{"start":{"line":114,"column":8},"end":{"line":200,"column":9}},"31":{"start":{"line":115,"column":12},"end":{"line":117,"column":13}},"32":{"start":{"line":120,"column":27},"end":{"line":120,"column":46}},"33":{"start":{"line":121,"column":27},"end":{"line":121,"column":46}},"34":{"start":{"line":122,"column":24},"end":{"line":122,"column":40}},"35":{"start":{"line":123,"column":64},"end":{"line":123,"column":74}},"36":{"start":{"line":124,"column":12},"end":{"line":199,"column":13}},"37":{"start":{"line":174,"column":44},"end":{"line":186,"column":46}},"38":{"start":{"line":179,"column":60},"end":{"line":180,"column":298}},"39":{"start":{"line":180,"column":60},"end":{"line":180,"column":298}},"40":{"start":{"line":180,"column":273},"end":{"line":180,"column":297}},"41":{"start":{"line":192,"column":124},"end":{"line":192,"column":153}}},"fnMap":{"0":{"name":"(anonymous_0)","decl":{"start":{"line":12,"column":4},"end":{"line":12,"column":5}},"loc":{"start":{"line":12,"column":23},"end":{"line":28,"column":5}},"line":12},"1":{"name":"(anonymous_1)","decl":{"start":{"line":30,"column":13},"end":{"line":30,"column":14}},"loc":{"start":{"line":30,"column":19},"end":{"line":37,"column":5}},"line":30},"2":{"name":"(anonymous_2)","decl":{"start":{"line":33,"column":14},"end":{"line":33,"column":15}},"loc":{"start":{"line":33,"column":21},"end":{"line":36,"column":9}},"line":33},"3":{"name":"(anonymous_3)","decl":{"start":{"line":39,"column":15},"end":{"line":39,"column":16}},"loc":{"start":{"line":39,"column":22},"end":{"line":39,"column":73}},"line":39},"4":{"name":"(anonymous_4)","decl":{"start":{"line":42,"column":15},"end":{"line":42,"column":16}},"loc":{"start":{"line":42,"column":22},"end":{"line":56,"column":5}},"line":42},"5":{"name":"(anonymous_5)","decl":{"start":{"line":58,"column":17},"end":{"line":58,"column":18}},"loc":{"start":{"line":58,"column":24},"end":{"line":62,"column":5}},"line":58},"6":{"name":"(anonymous_6)","decl":{"start":{"line":64,"column":4},"end":{"line":64,"column":5}},"loc":{"start":{"line":64,"column":15},"end":{"line":68,"column":5}},"line":64},"7":{"name":"(anonymous_7)","decl":{"start":{"line":70,"column":4},"end":{"line":70,"column":5}},"loc":{"start":{"line":70,"column":24},"end":{"line":111,"column":5}},"line":70},"8":{"name":"(anonymous_8)","decl":{"start":{"line":72,"column":18},"end":{"line":72,"column":19}},"loc":{"start":{"line":72,"column":30},"end":{"line":75,"column":13}},"line":72},"9":{"name":"(anonymous_9)","decl":{"start":{"line":76,"column":19},"end":{"line":76,"column":20}},"loc":{"start":{"line":76,"column":36},"end":{"line":78,"column":13}},"line":76},"10":{"name":"(anonymous_10)","decl":{"start":{"line":80,"column":18},"end":{"line":80,"column":19}},"loc":{"start":{"line":80,"column":30},"end":{"line":95,"column":13}},"line":80},"11":{"name":"(anonymous_11)","decl":{"start":{"line":83,"column":30},"end":{"line":83,"column":31}},"loc":{"start":{"line":83,"column":42},"end":{"line":90,"column":25}},"line":83},"12":{"name":"(anonymous_12)","decl":{"start":{"line":96,"column":19},"end":{"line":96,"column":20}},"loc":{"start":{"line":96,"column":36},"end":{"line":98,"column":13}},"line":96},"13":{"name":"(anonymous_13)","decl":{"start":{"line":101,"column":14},"end":{"line":101,"column":15}},"loc":{"start":{"line":101,"column":26},"end":{"line":110,"column":9}},"line":101},"14":{"name":"(anonymous_14)","decl":{"start":{"line":102,"column":47},"end":{"line":102,"column":48}},"loc":{"start":{"line":103,"column":16},"end":{"line":107,"column":17}},"line":103},"15":{"name":"(anonymous_15)","decl":{"start":{"line":113,"column":4},"end":{"line":113,"column":5}},"loc":{"start":{"line":113,"column":13},"end":{"line":201,"column":5}},"line":113},"16":{"name":"(anonymous_16)","decl":{"start":{"line":173,"column":54},"end":{"line":173,"column":55}},"loc":{"start":{"line":173,"column":83},"end":{"line":187,"column":41}},"line":173},"17":{"name":"(anonymous_17)","decl":{"start":{"line":178,"column":95},"end":{"line":178,"column":96}},"loc":{"start":{"line":178,"column":101},"end":{"line":180,"column":300}},"line":178},"18":{"name":"(anonymous_18)","decl":{"start":{"line":180,"column":267},"end":{"line":180,"column":268}},"loc":{"start":{"line":180,"column":273},"end":{"line":180,"column":297}},"line":180},"19":{"name":"(anonymous_19)","decl":{"start":{"line":192,"column":116},"end":{"line":192,"column":117}},"loc":{"start":{"line":192,"column":122},"end":{"line":192,"column":155}},"line":192}},"branchMap":{"0":{"loc":{"start":{"line":43,"column":8},"end":{"line":52,"column":9}},"type":"if","locations":[{"start":{"line":43,"column":8},"end":{"line":52,"column":9}},{"start":{"line":43,"column":8},"end":{"line":52,"column":9}}],"line":43},"1":{"loc":{"start":{"line":81,"column":16},"end":{"line":94,"column":17}},"type":"if","locations":[{"start":{"line":81,"column":16},"end":{"line":94,"column":17}},{"start":{"line":81,"column":16},"end":{"line":94,"column":17}}],"line":81},"2":{"loc":{"start":{"line":84,"column":28},"end":{"line":89,"column":29}},"type":"if","locations":[{"start":{"line":84,"column":28},"end":{"line":89,"column":29}},{"start":{"line":84,"column":28},"end":{"line":89,"column":29}}],"line":84},"3":{"loc":{"start":{"line":114,"column":8},"end":{"line":200,"column":9}},"type":"if","locations":[{"start":{"line":114,"column":8},"end":{"line":200,"column":9}},{"start":{"line":114,"column":8},"end":{"line":200,"column":9}}],"line":114},"4":{"loc":{"start":{"line":155,"column":33},"end":{"line":162,"column":41}},"type":"cond-expr","locations":[{"start":{"line":156,"column":32},"end":{"line":162,"column":38}},{"start":{"line":162,"column":39},"end":{"line":162,"column":41}}],"line":155},"5":{"loc":{"start":{"line":179,"column":60},"end":{"line":180,"column":298}},"type":"if","locations":[{"start":{"line":179,"column":60},"end":{"line":180,"column":298}},{"start":{"line":179,"column":60},"end":{"line":180,"column":298}}],"line":179}},"s":{"0":13,"1":13,"2":13,"3":1,"4":0,"5":0,"6":1,"7":2,"8":1,"9":1,"10":2,"11":1,"12":1,"13":14,"14":0,"15":0,"16":0,"17":14,"18":0,"19":0,"20":0,"21":0,"22":0,"23":0,"24":0,"25":14,"26":0,"27":0,"28":0,"29":0,"30":22,"31":0,"32":22,"33":22,"34":22,"35":22,"36":22,"37":0,"38":0,"39":0,"40":0,"41":0},"f":{"0":13,"1":1,"2":0,"3":1,"4":2,"5":1,"6":1,"7":14,"8":0,"9":0,"10":0,"11":0,"12":0,"13":0,"14":0,"15":22,"16":0,"17":0,"18":0,"19":0},"b":{"0":[1,1],"1":[0,0],"2":[0,0],"3":[0,22],"4":[3,19],"5":[0,0]},"_coverageSchema":"332fd63041d2c1bcb487cc26dd0d5f7d97098a6c","hash":"04777d343e321e71bede989199a2ce65ecd7ba5c"}
,"C:\\Users\\Bibek Gurung\\Documents\\QA Bursary Project\\Github\\0619(June)\\11-06-2019 (React)\\QA-Concourse-Frontend\\src\\components\\user-history.component.js": {"path":"C:\\Users\\Bibek Gurung\\Documents\\QA Bursary Project\\Github\\0619(June)\\11-06-2019 (React)\\QA-Concourse-Frontend\\src\\components\\user-history.component.js","statementMap":{"0":{"start":{"line":15,"column":8},"end":{"line":15,"column":21}},"1":{"start":{"line":17,"column":8},"end":{"line":29,"column":14}},"2":{"start":{"line":30,"column":12},"end":{"line":30,"column":49}},"3":{"start":{"line":31,"column":12},"end":{"line":31,"column":71}},"4":{"start":{"line":32,"column":12},"end":{"line":32,"column":69}},"5":{"start":{"line":36,"column":8},"end":{"line":50,"column":9}},"6":{"start":{"line":37,"column":32},"end":{"line":37,"column":34}},"7":{"start":{"line":38,"column":12},"end":{"line":43,"column":14}},"8":{"start":{"line":39,"column":35},"end":{"line":39,"column":56}},"9":{"start":{"line":40,"column":20},"end":{"line":42,"column":22}},"10":{"start":{"line":41,"column":24},"end":{"line":41,"column":51}},"11":{"start":{"line":44,"column":12},"end":{"line":44,"column":61}},"12":{"start":{"line":45,"column":12},"end":{"line":45,"column":39}},"13":{"start":{"line":49,"column":12},"end":{"line":49,"column":61}},"14":{"start":{"line":54,"column":8},"end":{"line":54,"column":32}},"15":{"start":{"line":55,"column":22},"end":{"line":55,"column":68}},"16":{"start":{"line":56,"column":8},"end":{"line":57,"column":27}},"17":{"start":{"line":58,"column":8},"end":{"line":58,"column":27}},"18":{"start":{"line":62,"column":8},"end":{"line":67,"column":11}},"19":{"start":{"line":70,"column":8},"end":{"line":79,"column":14}},"20":{"start":{"line":72,"column":16},"end":{"line":74,"column":19}},"21":{"start":{"line":75,"column":16},"end":{"line":75,"column":46}},"22":{"start":{"line":78,"column":16},"end":{"line":78,"column":35}},"23":{"start":{"line":80,"column":8},"end":{"line":99,"column":14}},"24":{"start":{"line":82,"column":16},"end":{"line":95,"column":17}},"25":{"start":{"line":83,"column":20},"end":{"line":91,"column":27}},"26":{"start":{"line":85,"column":28},"end":{"line":90,"column":29}},"27":{"start":{"line":86,"column":32},"end":{"line":86,"column":89}},"28":{"start":{"line":89,"column":32},"end":{"line":89,"column":108}},"29":{"start":{"line":94,"column":20},"end":{"line":94,"column":85}},"30":{"start":{"line":98,"column":16},"end":{"line":98,"column":35}},"31":{"start":{"line":102,"column":8},"end":{"line":104,"column":12}},"32":{"start":{"line":102,"column":36},"end":{"line":104,"column":9}},"33":{"start":{"line":108,"column":2},"end":{"line":190,"column":9}},"34":{"start":{"line":109,"column":3},"end":{"line":111,"column":4}},"35":{"start":{"line":114,"column":23},"end":{"line":117,"column":13}},"36":{"start":{"line":118,"column":25},"end":{"line":118,"column":49}},"37":{"start":{"line":119,"column":33},"end":{"line":119,"column":49}},"38":{"start":{"line":120,"column":30},"end":{"line":120,"column":54}},"39":{"start":{"line":121,"column":24},"end":{"line":121,"column":40}},"40":{"start":{"line":122,"column":27},"end":{"line":122,"column":46}},"41":{"start":{"line":123,"column":27},"end":{"line":123,"column":46}},"42":{"start":{"line":124,"column":12},"end":{"line":144,"column":13}},"43":{"start":{"line":125,"column":16},"end":{"line":143,"column":17}},"44":{"start":{"line":126,"column":20},"end":{"line":134,"column":22}},"45":{"start":{"line":127,"column":36},"end":{"line":127,"column":74}},"46":{"start":{"line":128,"column":24},"end":{"line":128,"column":43}},"47":{"start":{"line":129,"column":24},"end":{"line":129,"column":42}},"48":{"start":{"line":130,"column":24},"end":{"line":130,"column":70}},"49":{"start":{"line":131,"column":24},"end":{"line":133,"column":25}},"50":{"start":{"line":132,"column":29},"end":{"line":132,"column":43}},"51":{"start":{"line":136,"column":21},"end":{"line":143,"column":17}},"52":{"start":{"line":137,"column":20},"end":{"line":142,"column":22}},"53":{"start":{"line":138,"column":36},"end":{"line":138,"column":74}},"54":{"start":{"line":139,"column":24},"end":{"line":141,"column":25}},"55":{"start":{"line":140,"column":29},"end":{"line":140,"column":43}},"56":{"start":{"line":145,"column":12},"end":{"line":148,"column":13}},"57":{"start":{"line":146,"column":24},"end":{"line":146,"column":25}},"58":{"start":{"line":147,"column":16},"end":{"line":147,"column":158}},"59":{"start":{"line":150,"column":12},"end":{"line":189,"column":13}},"60":{"start":{"line":155,"column":80},"end":{"line":155,"column":109}}},"fnMap":{"0":{"name":"(anonymous_0)","decl":{"start":{"line":14,"column":4},"end":{"line":14,"column":5}},"loc":{"start":{"line":14,"column":23},"end":{"line":33,"column":5}},"line":14},"1":{"name":"(anonymous_1)","decl":{"start":{"line":35,"column":13},"end":{"line":35,"column":14}},"loc":{"start":{"line":35,"column":22},"end":{"line":51,"column":5}},"line":35},"2":{"name":"(anonymous_2)","decl":{"start":{"line":38,"column":34},"end":{"line":38,"column":35}},"loc":{"start":{"line":38,"column":44},"end":{"line":43,"column":13}},"line":38},"3":{"name":"(anonymous_3)","decl":{"start":{"line":53,"column":4},"end":{"line":53,"column":5}},"loc":{"start":{"line":53,"column":27},"end":{"line":59,"column":7}},"line":53},"4":{"name":"(anonymous_4)","decl":{"start":{"line":61,"column":6},"end":{"line":61,"column":7}},"loc":{"start":{"line":61,"column":25},"end":{"line":68,"column":7}},"line":61},"5":{"name":"(anonymous_5)","decl":{"start":{"line":69,"column":4},"end":{"line":69,"column":5}},"loc":{"start":{"line":69,"column":24},"end":{"line":100,"column":5}},"line":69},"6":{"name":"(anonymous_6)","decl":{"start":{"line":71,"column":18},"end":{"line":71,"column":19}},"loc":{"start":{"line":71,"column":30},"end":{"line":76,"column":13}},"line":71},"7":{"name":"(anonymous_7)","decl":{"start":{"line":77,"column":19},"end":{"line":77,"column":20}},"loc":{"start":{"line":77,"column":35},"end":{"line":79,"column":13}},"line":77},"8":{"name":"(anonymous_8)","decl":{"start":{"line":81,"column":19},"end":{"line":81,"column":20}},"loc":{"start":{"line":81,"column":31},"end":{"line":96,"column":13}},"line":81},"9":{"name":"(anonymous_9)","decl":{"start":{"line":84,"column":31},"end":{"line":84,"column":32}},"loc":{"start":{"line":84,"column":42},"end":{"line":91,"column":26}},"line":84},"10":{"name":"(anonymous_10)","decl":{"start":{"line":97,"column":19},"end":{"line":97,"column":20}},"loc":{"start":{"line":97,"column":35},"end":{"line":99,"column":13}},"line":97},"11":{"name":"(anonymous_11)","decl":{"start":{"line":101,"column":4},"end":{"line":101,"column":5}},"loc":{"start":{"line":101,"column":13},"end":{"line":105,"column":7}},"line":101},"12":{"name":"(anonymous_12)","decl":{"start":{"line":102,"column":22},"end":{"line":102,"column":23}},"loc":{"start":{"line":102,"column":36},"end":{"line":104,"column":9}},"line":102},"13":{"name":"(anonymous_13)","decl":{"start":{"line":107,"column":4},"end":{"line":107,"column":5}},"loc":{"start":{"line":107,"column":12},"end":{"line":191,"column":5}},"line":107},"14":{"name":"(anonymous_14)","decl":{"start":{"line":126,"column":43},"end":{"line":126,"column":44}},"loc":{"start":{"line":126,"column":59},"end":{"line":134,"column":21}},"line":126},"15":{"name":"(anonymous_15)","decl":{"start":{"line":137,"column":43},"end":{"line":137,"column":44}},"loc":{"start":{"line":137,"column":59},"end":{"line":142,"column":21}},"line":137},"16":{"name":"(anonymous_16)","decl":{"start":{"line":155,"column":72},"end":{"line":155,"column":73}},"loc":{"start":{"line":155,"column":78},"end":{"line":155,"column":111}},"line":155}},"branchMap":{"0":{"loc":{"start":{"line":36,"column":8},"end":{"line":50,"column":9}},"type":"if","locations":[{"start":{"line":36,"column":8},"end":{"line":50,"column":9}},{"start":{"line":36,"column":8},"end":{"line":50,"column":9}}],"line":36},"1":{"loc":{"start":{"line":40,"column":20},"end":{"line":42,"column":22}},"type":"if","locations":[{"start":{"line":40,"column":20},"end":{"line":42,"column":22}},{"start":{"line":40,"column":20},"end":{"line":42,"column":22}}],"line":40},"2":{"loc":{"start":{"line":82,"column":16},"end":{"line":95,"column":17}},"type":"if","locations":[{"start":{"line":82,"column":16},"end":{"line":95,"column":17}},{"start":{"line":82,"column":16},"end":{"line":95,"column":17}}],"line":82},"3":{"loc":{"start":{"line":85,"column":28},"end":{"line":90,"column":29}},"type":"if","locations":[{"start":{"line":85,"column":28},"end":{"line":90,"column":29}},{"start":{"line":85,"column":28},"end":{"line":90,"column":29}}],"line":85},"4":{"loc":{"start":{"line":108,"column":2},"end":{"line":190,"column":9}},"type":"if","locations":[{"start":{"line":108,"column":2},"end":{"line":190,"column":9}},{"start":{"line":108,"column":2},"end":{"line":190,"column":9}}],"line":108},"5":{"loc":{"start":{"line":124,"column":12},"end":{"line":144,"column":13}},"type":"if","locations":[{"start":{"line":124,"column":12},"end":{"line":144,"column":13}},{"start":{"line":124,"column":12},"end":{"line":144,"column":13}}],"line":124},"6":{"loc":{"start":{"line":125,"column":16},"end":{"line":143,"column":17}},"type":"if","locations":[{"start":{"line":125,"column":16},"end":{"line":143,"column":17}},{"start":{"line":125,"column":16},"end":{"line":143,"column":17}}],"line":125},"7":{"loc":{"start":{"line":131,"column":24},"end":{"line":133,"column":25}},"type":"if","locations":[{"start":{"line":131,"column":24},"end":{"line":133,"column":25}},{"start":{"line":131,"column":24},"end":{"line":133,"column":25}}],"line":131},"8":{"loc":{"start":{"line":136,"column":21},"end":{"line":143,"column":17}},"type":"if","locations":[{"start":{"line":136,"column":21},"end":{"line":143,"column":17}},{"start":{"line":136,"column":21},"end":{"line":143,"column":17}}],"line":136},"9":{"loc":{"start":{"line":139,"column":24},"end":{"line":141,"column":25}},"type":"if","locations":[{"start":{"line":139,"column":24},"end":{"line":141,"column":25}},{"start":{"line":139,"column":24},"end":{"line":141,"column":25}}],"line":139},"10":{"loc":{"start":{"line":176,"column":45},"end":{"line":181,"column":49}},"type":"binary-expr","locations":[{"start":{"line":176,"column":45},"end":{"line":176,"column":49}},{"start":{"line":177,"column":48},"end":{"line":177,"column":50}},{"start":{"line":178,"column":52},"end":{"line":180,"column":61}}],"line":176}},"s":{"0":17,"1":17,"2":17,"3":17,"4":17,"5":1,"6":1,"7":1,"8":0,"9":0,"10":0,"11":1,"12":1,"13":0,"14":1,"15":1,"16":1,"17":1,"18":1,"19":18,"20":0,"21":0,"22":0,"23":18,"24":0,"25":0,"26":0,"27":0,"28":0,"29":0,"30":0,"31":1,"32":1,"33":26,"34":0,"35":26,"36":26,"37":26,"38":26,"39":26,"40":26,"41":26,"42":26,"43":1,"44":1,"45":0,"46":0,"47":0,"48":0,"49":0,"50":0,"51":0,"52":0,"53":0,"54":0,"55":0,"56":26,"57":0,"58":0,"59":26,"60":1},"f":{"0":17,"1":1,"2":0,"3":1,"4":1,"5":18,"6":0,"7":0,"8":0,"9":0,"10":0,"11":1,"12":1,"13":26,"14":0,"15":0,"16":1},"b":{"0":[1,0],"1":[0,0],"2":[0,0],"3":[0,0],"4":[0,26],"5":[1,25],"6":[1,0],"7":[0,0],"8":[0,0],"9":[0,0],"10":[26,1,0]},"_coverageSchema":"332fd63041d2c1bcb487cc26dd0d5f7d97098a6c","hash":"a53b9b5a5b80cc0f6a5980721e2733b652042f83"}
,"C:\\Users\\Bibek Gurung\\Documents\\QA Bursary Project\\Github\\0619(June)\\11-06-2019 (React)\\QA-Concourse-Frontend\\src\\components\\components\\calendar-component\\calendar.component.js": {"path":"C:\\Users\\Bibek Gurung\\Documents\\QA Bursary Project\\Github\\0619(June)\\11-06-2019 (React)\\QA-Concourse-Frontend\\src\\components\\components\\calendar-component\\calendar.component.js","statementMap":{"0":{"start":{"line":13,"column":8},"end":{"line":13,"column":21}},"1":{"start":{"line":14,"column":8},"end":{"line":14,"column":67}},"2":{"start":{"line":15,"column":8},"end":{"line":15,"column":63}},"3":{"start":{"line":17,"column":8},"end":{"line":26,"column":10}},"4":{"start":{"line":30,"column":8},"end":{"line":33,"column":11}},"5":{"start":{"line":34,"column":8},"end":{"line":34,"column":46}},"6":{"start":{"line":35,"column":8},"end":{"line":35,"column":157}},"7":{"start":{"line":40,"column":8},"end":{"line":40,"column":38}},"8":{"start":{"line":42,"column":8},"end":{"line":47,"column":9}},"9":{"start":{"line":43,"column":12},"end":{"line":43,"column":43}},"10":{"start":{"line":45,"column":13},"end":{"line":47,"column":9}},"11":{"start":{"line":46,"column":12},"end":{"line":46,"column":48}},"12":{"start":{"line":49,"column":8},"end":{"line":62,"column":9}},"13":{"start":{"line":51,"column":16},"end":{"line":51,"column":52}},"14":{"start":{"line":52,"column":16},"end":{"line":52,"column":22}},"15":{"start":{"line":54,"column":16},"end":{"line":54,"column":67}},"16":{"start":{"line":55,"column":16},"end":{"line":55,"column":22}},"17":{"start":{"line":58,"column":16},"end":{"line":60,"column":19}},"18":{"start":{"line":61,"column":16},"end":{"line":61,"column":50}},"19":{"start":{"line":66,"column":8},"end":{"line":103,"column":10}}},"fnMap":{"0":{"name":"(anonymous_0)","decl":{"start":{"line":12,"column":4},"end":{"line":12,"column":5}},"loc":{"start":{"line":12,"column":23},"end":{"line":27,"column":5}},"line":12},"1":{"name":"(anonymous_1)","decl":{"start":{"line":29,"column":24},"end":{"line":29,"column":25}},"loc":{"start":{"line":29,"column":39},"end":{"line":36,"column":5}},"line":29},"2":{"name":"(anonymous_2)","decl":{"start":{"line":38,"column":22},"end":{"line":38,"column":23}},"loc":{"start":{"line":38,"column":35},"end":{"line":63,"column":5}},"line":38},"3":{"name":"(anonymous_3)","decl":{"start":{"line":65,"column":4},"end":{"line":65,"column":5}},"loc":{"start":{"line":65,"column":13},"end":{"line":104,"column":5}},"line":65}},"branchMap":{"0":{"loc":{"start":{"line":32,"column":78},"end":{"line":32,"column":140}},"type":"cond-expr","locations":[{"start":{"line":32,"column":108},"end":{"line":32,"column":135}},{"start":{"line":32,"column":138},"end":{"line":32,"column":140}}],"line":32},"1":{"loc":{"start":{"line":35,"column":89},"end":{"line":35,"column":151}},"type":"cond-expr","locations":[{"start":{"line":35,"column":119},"end":{"line":35,"column":146}},{"start":{"line":35,"column":149},"end":{"line":35,"column":151}}],"line":35},"2":{"loc":{"start":{"line":42,"column":8},"end":{"line":47,"column":9}},"type":"if","locations":[{"start":{"line":42,"column":8},"end":{"line":47,"column":9}},{"start":{"line":42,"column":8},"end":{"line":47,"column":9}}],"line":42},"3":{"loc":{"start":{"line":45,"column":13},"end":{"line":47,"column":9}},"type":"if","locations":[{"start":{"line":45,"column":13},"end":{"line":47,"column":9}},{"start":{"line":45,"column":13},"end":{"line":47,"column":9}}],"line":45},"4":{"loc":{"start":{"line":49,"column":8},"end":{"line":62,"column":9}},"type":"switch","locations":[{"start":{"line":50,"column":12},"end":{"line":52,"column":22}},{"start":{"line":53,"column":12},"end":{"line":55,"column":22}},{"start":{"line":56,"column":12},"end":{"line":61,"column":50}}],"line":49},"5":{"loc":{"start":{"line":68,"column":24},"end":{"line":68,"column":96}},"type":"cond-expr","locations":[{"start":{"line":68,"column":54},"end":{"line":68,"column":81}},{"start":{"line":68,"column":84},"end":{"line":68,"column":96}}],"line":68},"6":{"loc":{"start":{"line":85,"column":25},"end":{"line":85,"column":91}},"type":"cond-expr","locations":[{"start":{"line":85,"column":53},"end":{"line":85,"column":78}},{"start":{"line":85,"column":81},"end":{"line":85,"column":91}}],"line":85}},"s":{"0":1,"1":1,"2":1,"3":1,"4":0,"5":0,"6":0,"7":0,"8":0,"9":0,"10":0,"11":0,"12":0,"13":0,"14":0,"15":0,"16":0,"17":0,"18":0,"19":1},"f":{"0":1,"1":0,"2":0,"3":1},"b":{"0":[0,0],"1":[0,0],"2":[0,0],"3":[0,0],"4":[0,0,0],"5":[1,0],"6":[1,0]},"_coverageSchema":"332fd63041d2c1bcb487cc26dd0d5f7d97098a6c","hash":"b55d7dde4752387475236f9e66d5f754698a8bc5"}
,"C:\\Users\\Bibek Gurung\\Documents\\QA Bursary Project\\Github\\0619(June)\\11-06-2019 (React)\\QA-Concourse-Frontend\\src\\components\\components\\search-bar-component\\demoDisplay.component.js": {"path":"C:\\Users\\Bibek Gurung\\Documents\\QA Bursary Project\\Github\\0619(June)\\11-06-2019 (React)\\QA-Concourse-Frontend\\src\\components\\components\\search-bar-component\\demoDisplay.component.js","statementMap":{"0":{"start":{"line":5,"column":16},"end":{"line":16,"column":1}},"1":{"start":{"line":6,"column":4},"end":{"line":15,"column":10}},"2":{"start":{"line":8,"column":12},"end":{"line":8,"column":43}},"3":{"start":{"line":9,"column":12},"end":{"line":11,"column":13}},"4":{"start":{"line":18,"column":0},"end":{"line":20,"column":1}}},"fnMap":{"0":{"name":"(anonymous_0)","decl":{"start":{"line":5,"column":16},"end":{"line":5,"column":17}},"loc":{"start":{"line":6,"column":4},"end":{"line":15,"column":10}},"line":6},"1":{"name":"(anonymous_1)","decl":{"start":{"line":7,"column":21},"end":{"line":7,"column":22}},"loc":{"start":{"line":7,"column":31},"end":{"line":12,"column":9}},"line":7}},"branchMap":{"0":{"loc":{"start":{"line":5,"column":18},"end":{"line":5,"column":30}},"type":"default-arg","locations":[{"start":{"line":5,"column":28},"end":{"line":5,"column":30}}],"line":5}},"s":{"0":1,"1":4,"2":11,"3":11,"4":1},"f":{"0":4,"1":11},"b":{"0":[1]},"_coverageSchema":"332fd63041d2c1bcb487cc26dd0d5f7d97098a6c","hash":"0f5342117f21584da5122e212313bd2ebf828fda"}
,"C:\\Users\\Bibek Gurung\\Documents\\QA Bursary Project\\Github\\0619(June)\\11-06-2019 (React)\\QA-Concourse-Frontend\\src\\components\\components\\search-bar-component\\searchBar.component.js": {"path":"C:\\Users\\Bibek Gurung\\Documents\\QA Bursary Project\\Github\\0619(June)\\11-06-2019 (React)\\QA-Concourse-Frontend\\src\\components\\components\\search-bar-component\\searchBar.component.js","statementMap":{"0":{"start":{"line":11,"column":27},"end":{"line":11,"column":45}},"1":{"start":{"line":12,"column":8},"end":{"line":12,"column":40}},"2":{"start":{"line":13,"column":8},"end":{"line":13,"column":40}},"3":{"start":{"line":17,"column":8},"end":{"line":17,"column":31}},"4":{"start":{"line":21,"column":8},"end":{"line":31,"column":10}},"5":{"start":{"line":35,"column":0},"end":{"line":37,"column":2}}},"fnMap":{"0":{"name":"(anonymous_0)","decl":{"start":{"line":10,"column":19},"end":{"line":10,"column":20}},"loc":{"start":{"line":10,"column":28},"end":{"line":14,"column":5}},"line":10},"1":{"name":"(anonymous_1)","decl":{"start":{"line":16,"column":19},"end":{"line":16,"column":20}},"loc":{"start":{"line":16,"column":28},"end":{"line":18,"column":5}},"line":16},"2":{"name":"(anonymous_2)","decl":{"start":{"line":20,"column":4},"end":{"line":20,"column":5}},"loc":{"start":{"line":20,"column":13},"end":{"line":32,"column":5}},"line":20}},"branchMap":{},"s":{"0":1,"1":1,"2":1,"3":1,"4":29,"5":2},"f":{"0":1,"1":1,"2":29},"b":{},"_coverageSchema":"332fd63041d2c1bcb487cc26dd0d5f7d97098a6c","hash":"d58d09091259f8f5f10119801c4ff46fd5488427"}
,"C:\\Users\\Bibek Gurung\\Documents\\QA Bursary Project\\Github\\0619(June)\\11-06-2019 (React)\\QA-Concourse-Frontend\\src\\components\\components\\search-bar-component\\searchContainer.component.js": {"path":"C:\\Users\\Bibek Gurung\\Documents\\QA Bursary Project\\Github\\0619(June)\\11-06-2019 (React)\\QA-Concourse-Frontend\\src\\components\\components\\search-bar-component\\searchContainer.component.js","statementMap":{"0":{"start":{"line":13,"column":8},"end":{"line":25,"column":9}},"1":{"start":{"line":14,"column":32},"end":{"line":14,"column":34}},"2":{"start":{"line":15,"column":12},"end":{"line":20,"column":14}},"3":{"start":{"line":16,"column":35},"end":{"line":16,"column":56}},"4":{"start":{"line":17,"column":20},"end":{"line":19,"column":22}},"5":{"start":{"line":18,"column":24},"end":{"line":18,"column":50}},"6":{"start":{"line":21,"column":12},"end":{"line":21,"column":44}},"7":{"start":{"line":24,"column":12},"end":{"line":24,"column":59}},"8":{"start":{"line":29,"column":8},"end":{"line":34,"column":10}},"9":{"start":{"line":38,"column":0},"end":{"line":40,"column":1}}},"fnMap":{"0":{"name":"(anonymous_0)","decl":{"start":{"line":12,"column":13},"end":{"line":12,"column":14}},"loc":{"start":{"line":12,"column":22},"end":{"line":26,"column":5}},"line":12},"1":{"name":"(anonymous_1)","decl":{"start":{"line":15,"column":32},"end":{"line":15,"column":33}},"loc":{"start":{"line":15,"column":42},"end":{"line":20,"column":13}},"line":15},"2":{"name":"(anonymous_2)","decl":{"start":{"line":28,"column":4},"end":{"line":28,"column":5}},"loc":{"start":{"line":28,"column":13},"end":{"line":35,"column":5}},"line":28}},"branchMap":{"0":{"loc":{"start":{"line":13,"column":8},"end":{"line":25,"column":9}},"type":"if","locations":[{"start":{"line":13,"column":8},"end":{"line":25,"column":9}},{"start":{"line":13,"column":8},"end":{"line":25,"column":9}}],"line":13},"1":{"loc":{"start":{"line":17,"column":20},"end":{"line":19,"column":22}},"type":"if","locations":[{"start":{"line":17,"column":20},"end":{"line":19,"column":22}},{"start":{"line":17,"column":20},"end":{"line":19,"column":22}}],"line":17}},"s":{"0":2,"1":1,"2":1,"3":4,"4":4,"5":3,"6":1,"7":1,"8":5,"9":1},"f":{"0":2,"1":4,"2":5},"b":{"0":[1,1],"1":[3,1]},"_coverageSchema":"332fd63041d2c1bcb487cc26dd0d5f7d97098a6c","hash":"297d52bc2f6f9f46f8f7bf3168c8668a32f5fb1f"}
,"C:\\Users\\Bibek Gurung\\Documents\\QA Bursary Project\\Github\\0619(June)\\11-06-2019 (React)\\QA-Concourse-Frontend\\src\\components\\components\\table-component\\qa-table.component.js": {"path":"C:\\Users\\Bibek Gurung\\Documents\\QA Bursary Project\\Github\\0619(June)\\11-06-2019 (React)\\QA-Concourse-Frontend\\src\\components\\components\\table-component\\qa-table.component.js","statementMap":{"0":{"start":{"line":12,"column":8},"end":{"line":12,"column":21}},"1":{"start":{"line":14,"column":8},"end":{"line":18,"column":10}},"2":{"start":{"line":22,"column":8},"end":{"line":22,"column":42}},"3":{"start":{"line":26,"column":8},"end":{"line":26,"column":41}},"4":{"start":{"line":30,"column":21},"end":{"line":30,"column":23}},"5":{"start":{"line":31,"column":8},"end":{"line":33,"column":10}},"6":{"start":{"line":32,"column":12},"end":{"line":32,"column":95}},"7":{"start":{"line":34,"column":8},"end":{"line":37,"column":10}},"8":{"start":{"line":42,"column":19},"end":{"line":42,"column":39}},"9":{"start":{"line":44,"column":22},"end":{"line":44,"column":45}},"10":{"start":{"line":46,"column":8},"end":{"line":56,"column":10}}},"fnMap":{"0":{"name":"(anonymous_0)","decl":{"start":{"line":11,"column":4},"end":{"line":11,"column":5}},"loc":{"start":{"line":11,"column":23},"end":{"line":19,"column":5}},"line":11},"1":{"name":"(anonymous_1)","decl":{"start":{"line":21,"column":4},"end":{"line":21,"column":5}},"loc":{"start":{"line":21,"column":24},"end":{"line":23,"column":5}},"line":21},"2":{"name":"(anonymous_2)","decl":{"start":{"line":25,"column":4},"end":{"line":25,"column":5}},"loc":{"start":{"line":25,"column":41},"end":{"line":27,"column":7}},"line":25},"3":{"name":"(anonymous_3)","decl":{"start":{"line":29,"column":4},"end":{"line":29,"column":5}},"loc":{"start":{"line":29,"column":27},"end":{"line":38,"column":5}},"line":29},"4":{"name":"(anonymous_4)","decl":{"start":{"line":31,"column":30},"end":{"line":31,"column":31}},"loc":{"start":{"line":31,"column":39},"end":{"line":33,"column":9}},"line":31},"5":{"name":"(anonymous_5)","decl":{"start":{"line":41,"column":4},"end":{"line":41,"column":5}},"loc":{"start":{"line":41,"column":13},"end":{"line":57,"column":5}},"line":41}},"branchMap":{},"s":{"0":17,"1":17,"2":17,"3":7,"4":24,"5":24,"6":46,"7":24,"8":41,"9":41,"10":41},"f":{"0":17,"1":17,"2":7,"3":24,"4":46,"5":41},"b":{},"_coverageSchema":"332fd63041d2c1bcb487cc26dd0d5f7d97098a6c","hash":"f591152f39d49aef8145bf4b8aaaafebf9e10a16"}
,"C:\\Users\\Bibek Gurung\\Documents\\QA Bursary Project\\Github\\0619(June)\\11-06-2019 (React)\\QA-Concourse-Frontend\\src\\components\\modules\\AccessDenied.js": {"path":"C:\\Users\\Bibek Gurung\\Documents\\QA Bursary Project\\Github\\0619(June)\\11-06-2019 (React)\\QA-Concourse-Frontend\\src\\components\\modules\\AccessDenied.js","statementMap":{"0":{"start":{"line":9,"column":1},"end":{"line":14,"column":2}},"1":{"start":{"line":10,"column":3},"end":{"line":10,"column":87}},"2":{"start":{"line":12,"column":1},"end":{"line":12,"column":24}},"3":{"start":{"line":13,"column":1},"end":{"line":13,"column":74}},"4":{"start":{"line":18,"column":8},"end":{"line":21,"column":4}}},"fnMap":{"0":{"name":"(anonymous_0)","decl":{"start":{"line":8,"column":0},"end":{"line":8,"column":1}},"loc":{"start":{"line":8,"column":19},"end":{"line":15,"column":1}},"line":8},"1":{"name":"(anonymous_1)","decl":{"start":{"line":17,"column":0},"end":{"line":17,"column":1}},"loc":{"start":{"line":17,"column":9},"end":{"line":22,"column":2}},"line":17}},"branchMap":{"0":{"loc":{"start":{"line":9,"column":1},"end":{"line":14,"column":2}},"type":"if","locations":[{"start":{"line":9,"column":1},"end":{"line":14,"column":2}},{"start":{"line":9,"column":1},"end":{"line":14,"column":2}}],"line":9}},"s":{"0":0,"1":0,"2":0,"3":0,"4":0},"f":{"0":0,"1":0},"b":{"0":[0,0]},"_coverageSchema":"332fd63041d2c1bcb487cc26dd0d5f7d97098a6c","hash":"8ea61371a218becc9c8a37abf92df712c6f22ff3"}
,"C:\\Users\\Bibek Gurung\\Documents\\QA Bursary Project\\Github\\0619(June)\\11-06-2019 (React)\\QA-Concourse-Frontend\\src\\components\\modules\\authService.js": {"path":"C:\\Users\\Bibek Gurung\\Documents\\QA Bursary Project\\Github\\0619(June)\\11-06-2019 (React)\\QA-Concourse-Frontend\\src\\components\\modules\\authService.js","statementMap":{"0":{"start":{"line":5,"column":14},"end":{"line":5,"column":49}},"1":{"start":{"line":6,"column":27},"end":{"line":6,"column":65}},"2":{"start":{"line":8,"column":27},"end":{"line":13,"column":1}},"3":{"start":{"line":12,"column":30},"end":{"line":12,"column":61}},"4":{"start":{"line":16,"column":27},"end":{"line":20,"column":5}},"5":{"start":{"line":22,"column":4},"end":{"line":30,"column":11}},"6":{"start":{"line":26,"column":12},"end":{"line":26,"column":70}},"7":{"start":{"line":27,"column":12},"end":{"line":27,"column":42}},"8":{"start":{"line":29,"column":12},"end":{"line":29,"column":24}},"9":{"start":{"line":35,"column":4},"end":{"line":35,"column":43}},"10":{"start":{"line":36,"column":4},"end":{"line":36,"column":34}}},"fnMap":{"0":{"name":"login","decl":{"start":{"line":15,"column":9},"end":{"line":15,"column":14}},"loc":{"start":{"line":15,"column":32},"end":{"line":31,"column":1}},"line":15},"1":{"name":"(anonymous_1)","decl":{"start":{"line":24,"column":14},"end":{"line":24,"column":15}},"loc":{"start":{"line":24,"column":22},"end":{"line":30,"column":9}},"line":24},"2":{"name":"logout","decl":{"start":{"line":33,"column":9},"end":{"line":33,"column":15}},"loc":{"start":{"line":33,"column":18},"end":{"line":37,"column":1}},"line":33}},"branchMap":{},"s":{"0":3,"1":3,"2":3,"3":0,"4":0,"5":0,"6":0,"7":0,"8":0,"9":0,"10":0},"f":{"0":0,"1":0,"2":0},"b":{},"_coverageSchema":"332fd63041d2c1bcb487cc26dd0d5f7d97098a6c","hash":"b4b8d1dc8b6fd45482373095952ad3b530a3f6f2"}
,"C:\\Users\\Bibek Gurung\\Documents\\QA Bursary Project\\Github\\0619(June)\\11-06-2019 (React)\\QA-Concourse-Frontend\\src\\components\\modules\\handle-response.js": {"path":"C:\\Users\\Bibek Gurung\\Documents\\QA Bursary Project\\Github\\0619(June)\\11-06-2019 (React)\\QA-Concourse-Frontend\\src\\components\\modules\\handle-response.js","statementMap":{"0":{"start":{"line":4,"column":1},"end":{"line":16,"column":4}},"1":{"start":{"line":5,"column":14},"end":{"line":5,"column":38}},"2":{"start":{"line":6,"column":1},"end":{"line":14,"column":3}},"3":{"start":{"line":7,"column":2},"end":{"line":10,"column":3}},"4":{"start":{"line":8,"column":2},"end":{"line":8,"column":23}},"5":{"start":{"line":9,"column":2},"end":{"line":9,"column":40}},"6":{"start":{"line":12,"column":16},"end":{"line":12,"column":61}},"7":{"start":{"line":13,"column":2},"end":{"line":13,"column":31}},"8":{"start":{"line":15,"column":2},"end":{"line":15,"column":14}}},"fnMap":{"0":{"name":"handleResponse","decl":{"start":{"line":3,"column":16},"end":{"line":3,"column":30}},"loc":{"start":{"line":3,"column":42},"end":{"line":17,"column":1}},"line":3},"1":{"name":"(anonymous_1)","decl":{"start":{"line":4,"column":30},"end":{"line":4,"column":31}},"loc":{"start":{"line":4,"column":38},"end":{"line":16,"column":2}},"line":4}},"branchMap":{"0":{"loc":{"start":{"line":5,"column":14},"end":{"line":5,"column":38}},"type":"binary-expr","locations":[{"start":{"line":5,"column":14},"end":{"line":5,"column":18}},{"start":{"line":5,"column":22},"end":{"line":5,"column":38}}],"line":5},"1":{"loc":{"start":{"line":6,"column":1},"end":{"line":14,"column":3}},"type":"if","locations":[{"start":{"line":6,"column":1},"end":{"line":14,"column":3}},{"start":{"line":6,"column":1},"end":{"line":14,"column":3}}],"line":6},"2":{"loc":{"start":{"line":7,"column":2},"end":{"line":10,"column":3}},"type":"if","locations":[{"start":{"line":7,"column":2},"end":{"line":10,"column":3}},{"start":{"line":7,"column":2},"end":{"line":10,"column":3}}],"line":7},"3":{"loc":{"start":{"line":12,"column":16},"end":{"line":12,"column":61}},"type":"binary-expr","locations":[{"start":{"line":12,"column":17},"end":{"line":12,"column":21}},{"start":{"line":12,"column":25},"end":{"line":12,"column":37}},{"start":{"line":12,"column":42},"end":{"line":12,"column":61}}],"line":12}},"s":{"0":0,"1":0,"2":0,"3":0,"4":0,"5":0,"6":0,"7":0,"8":0},"f":{"0":0,"1":0},"b":{"0":[0,0],"1":[0,0],"2":[0,0],"3":[0,0,0]},"_coverageSchema":"332fd63041d2c1bcb487cc26dd0d5f7d97098a6c","hash":"5dceec1703b395f18953f43ed639d35562619934"}
}
