TN:
SF:C:\Users\brads\Desktop\QA\QA-Concourse-Frontend\src\components\cost-Report.component.js
FN:22,(anonymous_0)
FN:79,(anonymous_1)
FN:81,(anonymous_2)
FN:82,(anonymous_3)
FN:99,(anonymous_4)
FN:102,(anonymous_5)
FN:142,(anonymous_6)
FN:174,(anonymous_7)
FN:198,(anonymous_8)
FN:204,(anonymous_9)
FN:213,(anonymous_10)
FN:223,(anonymous_11)
FN:224,(anonymous_12)
FN:229,(anonymous_13)
FN:233,(anonymous_14)
FN:245,(anonymous_15)
FN:251,(anonymous_16)
FN:259,(anonymous_17)
FN:265,(anonymous_18)
FN:268,(anonymous_19)
FN:273,(anonymous_20)
FN:276,(anonymous_21)
FN:286,(anonymous_22)
FN:289,(anonymous_23)
FN:327,(anonymous_24)
FN:329,(anonymous_25)
FN:330,(anonymous_26)
FN:355,(anonymous_27)
FN:357,(anonymous_28)
FN:411,(anonymous_29)
FN:439,(anonymous_30)
FN:463,(anonymous_31)
FN:472,(anonymous_32)
FN:479,(anonymous_33)
FN:498,(anonymous_34)
FN:548,(anonymous_35)
FN:563,(anonymous_36)
FN:573,(anonymous_37)
FN:582,(anonymous_38)
FN:590,(anonymous_39)
FN:635,(anonymous_40)
FN:651,(anonymous_41)
FN:665,(anonymous_42)
FN:717,(anonymous_43)
FN:722,(anonymous_44)
FN:724,(anonymous_45)
FN:727,(anonymous_46)
FN:731,(anonymous_47)
FN:739,(anonymous_48)
FN:741,(anonymous_49)
FN:743,(anonymous_50)
FN:749,(anonymous_51)
FN:751,(anonymous_52)
FN:753,(anonymous_53)
FN:755,(anonymous_54)
FN:761,(anonymous_55)
FN:763,(anonymous_56)
FN:764,(anonymous_57)
FN:766,(anonymous_58)
FN:772,(anonymous_59)
FN:774,(anonymous_60)
FN:775,(anonymous_61)
FN:777,(anonymous_62)
FNF:63
FNH:2
FNDA:41,(anonymous_0)
FNDA:0,(anonymous_1)
FNDA:0,(anonymous_2)
FNDA:0,(anonymous_3)
FNDA:0,(anonymous_4)
FNDA:0,(anonymous_5)
FNDA:0,(anonymous_6)
FNDA:0,(anonymous_7)
FNDA:0,(anonymous_8)
FNDA:0,(anonymous_9)
FNDA:0,(anonymous_10)
FNDA:0,(anonymous_11)
FNDA:0,(anonymous_12)
FNDA:0,(anonymous_13)
FNDA:0,(anonymous_14)
FNDA:0,(anonymous_15)
FNDA:0,(anonymous_16)
FNDA:0,(anonymous_17)
FNDA:0,(anonymous_18)
FNDA:0,(anonymous_19)
FNDA:0,(anonymous_20)
FNDA:0,(anonymous_21)
FNDA:0,(anonymous_22)
FNDA:0,(anonymous_23)
FNDA:0,(anonymous_24)
FNDA:0,(anonymous_25)
FNDA:0,(anonymous_26)
FNDA:0,(anonymous_27)
FNDA:0,(anonymous_28)
FNDA:0,(anonymous_29)
FNDA:0,(anonymous_30)
FNDA:0,(anonymous_31)
FNDA:0,(anonymous_32)
FNDA:0,(anonymous_33)
FNDA:41,(anonymous_34)
FNDA:0,(anonymous_35)
FNDA:0,(anonymous_36)
FNDA:0,(anonymous_37)
FNDA:0,(anonymous_38)
FNDA:0,(anonymous_39)
FNDA:0,(anonymous_40)
FNDA:0,(anonymous_41)
FNDA:0,(anonymous_42)
FNDA:0,(anonymous_43)
FNDA:0,(anonymous_44)
FNDA:0,(anonymous_45)
FNDA:0,(anonymous_46)
FNDA:0,(anonymous_47)
FNDA:0,(anonymous_48)
FNDA:0,(anonymous_49)
FNDA:0,(anonymous_50)
FNDA:0,(anonymous_51)
FNDA:0,(anonymous_52)
FNDA:0,(anonymous_53)
FNDA:0,(anonymous_54)
FNDA:0,(anonymous_55)
FNDA:0,(anonymous_56)
FNDA:0,(anonymous_57)
FNDA:0,(anonymous_58)
FNDA:0,(anonymous_59)
FNDA:0,(anonymous_60)
FNDA:0,(anonymous_61)
FNDA:0,(anonymous_62)
DA:23,41
DA:25,41
DA:65,41
DA:66,41
DA:67,41
DA:68,41
DA:69,41
DA:70,41
DA:71,41
DA:72,41
DA:73,41
DA:74,41
DA:75,41
DA:76,41
DA:80,0
DA:82,0
DA:83,0
DA:84,0
DA:86,0
DA:87,0
DA:88,0
DA:89,0
DA:90,0
DA:91,0
DA:92,0
DA:93,0
DA:94,0
DA:99,0
DA:100,0
DA:101,0
DA:102,0
DA:103,0
DA:105,0
DA:106,0
DA:108,0
DA:109,0
DA:110,0
DA:111,0
DA:114,0
DA:115,0
DA:116,0
DA:117,0
DA:119,0
DA:120,0
DA:132,0
DA:133,0
DA:137,0
DA:138,0
DA:139,0
DA:140,0
DA:141,0
DA:142,0
DA:143,0
DA:144,0
DA:145,0
DA:148,0
DA:149,0
DA:150,0
DA:151,0
DA:152,0
DA:154,0
DA:173,0
DA:175,0
DA:176,0
DA:177,0
DA:178,0
DA:182,0
DA:191,0
DA:192,0
DA:199,0
DA:205,0
DA:206,0
DA:207,0
DA:208,0
DA:214,0
DA:215,0
DA:216,0
DA:217,0
DA:218,0
DA:224,0
DA:230,0
DA:231,0
DA:232,0
DA:233,0
DA:234,0
DA:236,0
DA:237,0
DA:239,0
DA:240,0
DA:242,0
DA:246,0
DA:247,0
DA:252,0
DA:260,0
DA:261,0
DA:265,0
DA:269,0
DA:273,0
DA:277,0
DA:279,0
DA:280,0
DA:282,0
DA:286,0
DA:290,0
DA:326,0
DA:328,0
DA:330,0
DA:331,0
DA:332,0
DA:333,0
DA:337,0
DA:339,0
DA:340,0
DA:341,0
DA:342,0
DA:343,0
DA:344,0
DA:345,0
DA:346,0
DA:347,0
DA:349,0
DA:355,0
DA:356,0
DA:357,0
DA:358,0
DA:360,0
DA:361,0
DA:363,0
DA:364,0
DA:365,0
DA:366,0
DA:369,0
DA:370,0
DA:371,0
DA:372,0
DA:374,0
DA:376,0
DA:377,0
DA:390,0
DA:403,0
DA:404,0
DA:407,0
DA:408,0
DA:409,0
DA:410,0
DA:411,0
DA:412,0
DA:413,0
DA:414,0
DA:418,0
DA:419,0
DA:420,0
DA:422,0
DA:438,0
DA:440,0
DA:441,0
DA:442,0
DA:443,0
DA:447,0
DA:453,0
DA:454,0
DA:458,0
DA:464,0
DA:465,0
DA:473,0
DA:474,0
DA:475,0
DA:476,0
DA:477,0
DA:479,0
DA:480,0
DA:481,0
DA:483,0
DA:484,0
DA:485,0
DA:489,0
DA:490,0
DA:491,0
DA:492,0
DA:493,0
DA:494,0
DA:495,0
DA:499,41
DA:500,41
DA:501,41
DA:502,41
DA:503,41
DA:504,41
DA:505,41
DA:506,41
DA:510,41
DA:511,0
DA:512,0
DA:515,0
DA:516,0
DA:517,0
DA:519,0
DA:520,0
DA:525,0
DA:526,0
DA:547,0
DA:548,0
DA:549,0
DA:557,0
DA:562,0
DA:563,0
DA:564,0
DA:565,0
DA:566,0
DA:572,0
DA:573,0
DA:574,0
DA:575,0
DA:580,0
DA:581,0
DA:582,0
DA:583,0
DA:584,0
DA:585,0
DA:589,0
DA:590,0
DA:591,0
DA:592,0
DA:593,0
DA:600,0
DA:601,0
DA:606,0
DA:635,0
DA:651,0
DA:665,0
DA:717,0
DA:722,0
DA:724,0
DA:727,0
DA:731,0
DA:739,0
DA:742,0
DA:743,0
DA:744,0
DA:746,0
DA:749,0
DA:751,0
DA:754,0
DA:755,0
DA:756,0
DA:758,0
DA:761,0
DA:763,0
DA:765,0
DA:766,0
DA:767,0
DA:769,0
DA:772,0
DA:774,0
DA:776,0
DA:777,0
DA:778,0
DA:780,0
LF:258
LH:23
BRDA:83,0,0,0
BRDA:83,0,1,0
BRDA:105,1,0,0
BRDA:105,1,1,0
BRDA:105,2,0,0
BRDA:105,2,1,0
BRDA:108,3,0,0
BRDA:108,3,1,0
BRDA:139,4,0,0
BRDA:139,4,1,0
BRDA:139,5,0,0
BRDA:139,5,1,0
BRDA:141,6,0,0
BRDA:141,6,1,0
BRDA:175,7,0,0
BRDA:175,7,1,0
BRDA:177,8,0,0
BRDA:177,8,1,0
BRDA:191,9,0,0
BRDA:191,9,1,0
BRDA:191,10,0,0
BRDA:191,10,1,0
BRDA:232,11,0,0
BRDA:232,11,1,0
BRDA:279,12,0,0
BRDA:279,12,1,0
BRDA:332,13,0,0
BRDA:332,13,1,0
BRDA:332,14,0,0
BRDA:332,14,1,0
BRDA:360,15,0,0
BRDA:360,15,1,0
BRDA:360,16,0,0
BRDA:360,16,1,0
BRDA:363,17,0,0
BRDA:363,17,1,0
BRDA:376,18,0,0
BRDA:376,18,1,0
BRDA:407,19,0,0
BRDA:407,19,1,0
BRDA:407,20,0,0
BRDA:407,20,1,0
BRDA:409,21,0,0
BRDA:409,21,1,0
BRDA:410,22,0,0
BRDA:410,22,1,0
BRDA:440,23,0,0
BRDA:440,23,1,0
BRDA:442,24,0,0
BRDA:442,24,1,0
BRDA:453,25,0,0
BRDA:453,25,1,0
BRDA:453,26,0,0
BRDA:453,26,1,0
BRDA:510,27,0,0
BRDA:510,27,1,0
BRDA:511,28,0,0
BRDA:511,28,1,0
BRDA:515,29,0,0
BRDA:515,29,1,0
BRDA:516,30,0,0
BRDA:516,30,1,0
BRDA:519,31,0,0
BRDA:519,31,1,0
BRDA:525,32,0,0
BRDA:525,32,1,0
BRDA:547,33,0,0
BRDA:547,33,1,0
BRDA:549,34,0,0
BRDA:549,34,1,0
BRDA:549,35,0,0
BRDA:549,35,1,0
BRDA:549,35,2,0
BRDA:549,35,3,0
BRDA:549,35,4,0
BRDA:549,35,5,0
BRDA:549,35,6,0
BRDA:549,35,7,0
BRDA:562,36,0,0
BRDA:562,36,1,0
BRDA:564,37,0,0
BRDA:564,37,1,0
BRDA:572,38,0,0
BRDA:572,38,1,0
BRDA:574,39,0,0
BRDA:574,39,1,0
BRDA:574,40,0,0
BRDA:574,40,1,0
BRDA:580,41,0,0
BRDA:580,41,1,0
BRDA:581,42,0,0
BRDA:581,42,1,0
BRDA:584,43,0,0
BRDA:584,43,1,0
BRDA:589,44,0,0
BRDA:589,44,1,0
BRDA:592,45,0,0
BRDA:592,45,1,0
BRDA:600,46,0,0
BRDA:600,46,1,0
BRDA:682,47,0,0
BRDA:682,47,1,0
BRDA:682,47,2,0
BRDA:714,48,0,0
BRDA:714,48,1,0
BRF:105
BRH:0
end_of_record
TN:
SF:C:\Users\brads\Desktop\QA\QA-Concourse-Frontend\src\components\create-trainee.component.js
FN:18,(anonymous_0)
FN:72,(anonymous_1)
FN:74,(anonymous_2)
FN:86,(anonymous_3)
FN:95,(anonymous_4)
FN:102,(anonymous_5)
FN:109,(anonymous_6)
FN:115,(anonymous_7)
FN:121,(anonymous_8)
FN:127,(anonymous_9)
FN:133,(anonymous_10)
FN:141,(anonymous_11)
FN:148,(anonymous_12)
FN:159,(anonymous_13)
FN:169,(anonymous_14)
FN:186,(anonymous_15)
FN:192,(anonymous_16)
FN:212,(anonymous_17)
FN:233,(anonymous_18)
FN:245,(anonymous_19)
FN:251,(anonymous_20)
FN:257,(anonymous_21)
FN:263,(anonymous_22)
FN:269,(anonymous_23)
FN:275,(anonymous_24)
FN:283,(anonymous_25)
FN:290,(anonymous_26)
FN:298,(anonymous_27)
FN:308,(anonymous_28)
FN:316,(anonymous_29)
FN:323,(anonymous_30)
FN:327,(anonymous_31)
FN:332,(anonymous_32)
FN:376,(anonymous_33)
FN:386,(anonymous_34)
FN:423,(anonymous_35)
FN:431,(anonymous_36)
FN:439,(anonymous_37)
FN:449,(anonymous_38)
FN:454,(anonymous_39)
FN:463,(anonymous_40)
FNF:41
FNH:13
FNDA:27,(anonymous_0)
FNDA:28,(anonymous_1)
FNDA:0,(anonymous_2)
FNDA:0,(anonymous_3)
FNDA:0,(anonymous_4)
FNDA:0,(anonymous_5)
FNDA:1,(anonymous_6)
FNDA:1,(anonymous_7)
FNDA:1,(anonymous_8)
FNDA:0,(anonymous_9)
FNDA:0,(anonymous_10)
FNDA:0,(anonymous_11)
FNDA:0,(anonymous_12)
FNDA:0,(anonymous_13)
FNDA:0,(anonymous_14)
FNDA:0,(anonymous_15)
FNDA:0,(anonymous_16)
FNDA:0,(anonymous_17)
FNDA:1,(anonymous_18)
FNDA:1,(anonymous_19)
FNDA:0,(anonymous_20)
FNDA:0,(anonymous_21)
FNDA:1,(anonymous_22)
FNDA:1,(anonymous_23)
FNDA:0,(anonymous_24)
FNDA:0,(anonymous_25)
FNDA:0,(anonymous_26)
FNDA:0,(anonymous_27)
FNDA:0,(anonymous_28)
FNDA:0,(anonymous_29)
FNDA:2,(anonymous_30)
FNDA:2,(anonymous_31)
FNDA:1,(anonymous_32)
FNDA:0,(anonymous_33)
FNDA:0,(anonymous_34)
FNDA:0,(anonymous_35)
FNDA:0,(anonymous_36)
FNDA:0,(anonymous_37)
FNDA:0,(anonymous_38)
FNDA:39,(anonymous_39)
FNDA:0,(anonymous_40)
DA:19,27
DA:20,27
DA:21,27
DA:22,27
DA:23,27
DA:24,27
DA:25,27
DA:26,27
DA:27,27
DA:28,27
DA:29,27
DA:30,27
DA:31,27
DA:32,27
DA:34,27
DA:73,28
DA:75,0
DA:76,0
DA:77,0
DA:78,0
DA:82,0
DA:83,0
DA:86,0
DA:87,0
DA:88,0
DA:95,28
DA:96,0
DA:99,0
DA:102,28
DA:103,0
DA:110,1
DA:116,1
DA:122,1
DA:128,0
DA:134,0
DA:138,0
DA:142,0
DA:145,0
DA:149,0
DA:155,0
DA:156,0
DA:160,0
DA:166,0
DA:170,0
DA:171,0
DA:178,0
DA:187,0
DA:193,0
DA:194,0
DA:196,0
DA:197,0
DA:198,0
DA:203,0
DA:206,0
DA:207,0
DA:213,0
DA:214,0
DA:216,0
DA:217,0
DA:218,0
DA:221,0
DA:224,0
DA:227,0
DA:228,0
DA:234,1
DA:235,1
DA:239,0
DA:246,1
DA:252,0
DA:258,0
DA:264,1
DA:270,1
DA:276,0
DA:277,0
DA:281,0
DA:284,0
DA:285,0
DA:287,0
DA:291,0
DA:292,0
DA:296,0
DA:299,0
DA:300,0
DA:302,0
DA:304,0
DA:305,0
DA:309,0
DA:312,0
DA:313,0
DA:317,0
DA:324,2
DA:327,2
DA:333,1
DA:337,1
DA:339,1
DA:340,0
DA:342,1
DA:343,0
DA:345,1
DA:346,0
DA:348,1
DA:349,0
DA:353,1
DA:355,0
DA:356,0
DA:358,0
DA:359,0
DA:361,0
DA:363,0
DA:364,0
DA:367,0
DA:369,0
DA:370,0
DA:373,1
DA:374,1
DA:375,1
DA:376,0
DA:377,0
DA:378,0
DA:381,0
DA:385,1
DA:386,0
DA:387,0
DA:388,0
DA:391,0
DA:395,1
DA:419,1
DA:420,1
DA:421,1
DA:422,1
DA:424,0
DA:425,0
DA:428,0
DA:432,0
DA:435,0
DA:440,0
DA:441,0
DA:442,0
DA:450,0
DA:455,39
DA:456,0
DA:459,39
DA:463,0
LF:143
LH:46
BRDA:75,0,0,0
BRDA:75,0,1,0
BRDA:77,1,0,0
BRDA:77,1,1,0
BRDA:170,2,0,0
BRDA:170,2,1,0
BRDA:197,3,0,0
BRDA:197,3,1,0
BRDA:217,4,0,0
BRDA:217,4,1,0
BRDA:234,5,0,1
BRDA:234,5,1,0
BRDA:276,6,0,0
BRDA:276,6,1,0
BRDA:291,7,0,0
BRDA:291,7,1,0
BRDA:337,8,0,1
BRDA:337,8,1,0
BRDA:339,9,0,0
BRDA:339,9,1,1
BRDA:339,10,0,1
BRDA:339,10,1,1
BRDA:342,11,0,0
BRDA:342,11,1,1
BRDA:345,12,0,0
BRDA:345,12,1,1
BRDA:345,13,0,1
BRDA:345,13,1,1
BRDA:348,14,0,0
BRDA:348,14,1,1
BRDA:353,15,0,0
BRDA:353,15,1,0
BRDA:353,15,2,0
BRDA:353,15,3,0
BRDA:353,15,4,1
BRDA:363,16,0,0
BRDA:363,16,1,0
BRDA:369,17,0,0
BRDA:369,17,1,0
BRDA:375,18,0,0
BRDA:375,18,1,1
BRDA:377,19,0,0
BRDA:377,19,1,0
BRDA:385,20,0,0
BRDA:385,20,1,1
BRDA:387,21,0,0
BRDA:387,21,1,0
BRDA:424,22,0,0
BRDA:424,22,1,0
BRDA:455,23,0,0
BRDA:455,23,1,39
BRDA:455,24,0,39
BRDA:455,24,1,39
BRF:53
BRH:16
end_of_record
TN:
SF:C:\Users\brads\Desktop\QA\QA-Concourse-Frontend\src\components\expenses-trainee.component.js
FN:12,(anonymous_0)
FN:30,(anonymous_1)
FN:33,(anonymous_2)
FN:39,(anonymous_3)
FN:42,(anonymous_4)
FN:58,(anonymous_5)
FN:64,(anonymous_6)
FN:70,(anonymous_7)
FN:72,(anonymous_8)
FN:76,(anonymous_9)
FN:80,(anonymous_10)
FN:83,(anonymous_11)
FN:96,(anonymous_12)
FN:101,(anonymous_13)
FN:102,(anonymous_14)
FN:113,(anonymous_15)
FN:173,(anonymous_16)
FN:178,(anonymous_17)
FN:180,(anonymous_18)
FN:192,(anonymous_19)
FNF:20
FNH:8
FNDA:13,(anonymous_0)
FNDA:1,(anonymous_1)
FNDA:0,(anonymous_2)
FNDA:1,(anonymous_3)
FNDA:2,(anonymous_4)
FNDA:1,(anonymous_5)
FNDA:1,(anonymous_6)
FNDA:14,(anonymous_7)
FNDA:0,(anonymous_8)
FNDA:0,(anonymous_9)
FNDA:0,(anonymous_10)
FNDA:0,(anonymous_11)
FNDA:0,(anonymous_12)
FNDA:0,(anonymous_13)
FNDA:0,(anonymous_14)
FNDA:22,(anonymous_15)
FNDA:0,(anonymous_16)
FNDA:0,(anonymous_17)
FNDA:0,(anonymous_18)
FNDA:0,(anonymous_19)
DA:13,13
DA:15,13
DA:17,13
DA:32,1
DA:34,0
DA:35,0
DA:39,1
DA:43,2
DA:44,1
DA:49,1
DA:53,2
DA:59,1
DA:65,1
DA:71,14
DA:73,0
DA:74,0
DA:77,0
DA:79,14
DA:81,0
DA:82,0
DA:84,0
DA:85,0
DA:88,0
DA:93,0
DA:97,0
DA:100,14
DA:102,0
DA:104,0
DA:106,0
DA:109,0
DA:114,22
DA:115,0
DA:120,22
DA:121,22
DA:122,22
DA:123,22
DA:124,22
DA:174,0
DA:179,0
DA:180,0
DA:192,0
LF:41
LH:20
BRDA:43,0,0,1
BRDA:43,0,1,1
BRDA:81,1,0,0
BRDA:81,1,1,0
BRDA:84,2,0,0
BRDA:84,2,1,0
BRDA:114,3,0,0
BRDA:114,3,1,22
BRDA:155,4,0,3
BRDA:155,4,1,19
BRDA:179,5,0,0
BRDA:179,5,1,0
BRF:12
BRH:5
end_of_record
TN:
SF:C:\Users\brads\Desktop\QA\QA-Concourse-Frontend\src\components\user-history.component.js
FN:14,(anonymous_0)
FN:35,(anonymous_1)
FN:38,(anonymous_2)
FN:54,(anonymous_3)
FN:62,(anonymous_4)
FN:70,(anonymous_5)
FN:72,(anonymous_6)
FN:78,(anonymous_7)
FN:82,(anonymous_8)
FN:85,(anonymous_9)
FN:98,(anonymous_10)
FN:102,(anonymous_11)
FN:103,(anonymous_12)
FN:108,(anonymous_13)
FN:127,(anonymous_14)
FN:141,(anonymous_15)
FN:159,(anonymous_16)
FNF:17
FNH:9
FNDA:17,(anonymous_0)
FNDA:1,(anonymous_1)
FNDA:0,(anonymous_2)
FNDA:1,(anonymous_3)
FNDA:1,(anonymous_4)
FNDA:18,(anonymous_5)
FNDA:0,(anonymous_6)
FNDA:0,(anonymous_7)
FNDA:0,(anonymous_8)
FNDA:0,(anonymous_9)
FNDA:0,(anonymous_10)
FNDA:1,(anonymous_11)
FNDA:1,(anonymous_12)
FNDA:26,(anonymous_13)
FNDA:0,(anonymous_14)
FNDA:0,(anonymous_15)
FNDA:1,(anonymous_16)
DA:15,17
DA:17,17
DA:30,17
DA:31,17
DA:32,17
DA:36,1
DA:37,1
DA:38,1
DA:39,0
DA:40,0
DA:41,0
DA:44,1
DA:45,1
DA:49,0
DA:51,1
DA:55,1
DA:56,1
DA:57,1
DA:59,1
DA:63,1
DA:71,18
DA:73,0
DA:76,0
DA:79,0
DA:81,18
DA:83,0
DA:84,0
DA:86,0
DA:87,0
DA:90,0
DA:95,0
DA:99,0
DA:103,1
DA:109,26
DA:110,0
DA:115,26
DA:119,26
DA:120,26
DA:121,26
DA:122,26
DA:123,26
DA:124,26
DA:125,26
DA:126,1
DA:127,1
DA:128,0
DA:129,0
DA:130,0
DA:131,0
DA:132,0
DA:133,0
DA:136,0
DA:140,0
DA:141,0
DA:142,0
DA:143,0
DA:144,0
DA:149,26
DA:150,0
DA:151,0
DA:154,26
DA:159,1
LF:62
LH:33
BRDA:36,0,0,1
BRDA:36,0,1,0
BRDA:40,1,0,0
BRDA:40,1,1,0
BRDA:83,2,0,0
BRDA:83,2,1,0
BRDA:86,3,0,0
BRDA:86,3,1,0
BRDA:109,4,0,0
BRDA:109,4,1,26
BRDA:125,5,0,1
BRDA:125,5,1,25
BRDA:126,6,0,1
BRDA:126,6,1,0
BRDA:132,7,0,0
BRDA:132,7,1,0
BRDA:140,8,0,0
BRDA:140,8,1,0
BRDA:143,9,0,0
BRDA:143,9,1,0
BRDA:180,10,0,26
BRDA:180,10,1,1
BRDA:180,10,2,0
BRF:23
BRH:7
end_of_record
TN:
SF:C:\Users\brads\Desktop\QA\QA-Concourse-Frontend\src\components\components\calendar-component\calendar.component.js
FN:12,(anonymous_0)
FN:29,(anonymous_1)
FN:38,(anonymous_2)
FN:65,(anonymous_3)
FNF:4
FNH:2
FNDA:1,(anonymous_0)
FNDA:0,(anonymous_1)
FNDA:0,(anonymous_2)
FNDA:1,(anonymous_3)
DA:13,1
DA:14,1
DA:15,1
DA:17,1
DA:30,0
DA:34,0
DA:35,0
DA:40,0
DA:42,0
DA:43,0
DA:45,0
DA:46,0
DA:49,0
DA:51,0
DA:52,0
DA:54,0
DA:55,0
DA:58,0
DA:61,0
DA:66,1
LF:20
LH:5
BRDA:32,0,0,0
BRDA:32,0,1,0
BRDA:35,1,0,0
BRDA:35,1,1,0
BRDA:42,2,0,0
BRDA:42,2,1,0
BRDA:45,3,0,0
BRDA:45,3,1,0
BRDA:49,4,0,0
BRDA:49,4,1,0
BRDA:49,4,2,0
BRDA:68,5,0,1
BRDA:68,5,1,0
BRDA:85,6,0,1
BRDA:85,6,1,0
BRF:15
BRH:2
end_of_record
TN:
SF:C:\Users\brads\Desktop\QA\QA-Concourse-Frontend\src\components\components\search-bar-component\demoDisplay.component.js
FN:5,(anonymous_0)
FN:7,(anonymous_1)
FNF:2
FNH:2
FNDA:4,(anonymous_0)
FNDA:11,(anonymous_1)
DA:5,1
DA:6,4
DA:8,11
DA:9,11
DA:18,1
LF:5
LH:5
BRDA:5,0,0,1
BRF:1
BRH:1
end_of_record
TN:
SF:C:\Users\brads\Desktop\QA\QA-Concourse-Frontend\src\components\components\search-bar-component\searchBar.component.js
FN:10,(anonymous_0)
FN:16,(anonymous_1)
FN:20,(anonymous_2)
FNF:3
FNH:3
FNDA:1,(anonymous_0)
FNDA:1,(anonymous_1)
FNDA:29,(anonymous_2)
DA:11,1
DA:12,1
DA:13,1
DA:17,1
DA:21,29
DA:35,2
LF:6
LH:6
BRF:0
BRH:0
end_of_record
TN:
SF:C:\Users\brads\Desktop\QA\QA-Concourse-Frontend\src\components\components\search-bar-component\searchContainer.component.js
FN:12,(anonymous_0)
FN:15,(anonymous_1)
FN:28,(anonymous_2)
FNF:3
FNH:3
FNDA:2,(anonymous_0)
FNDA:4,(anonymous_1)
FNDA:5,(anonymous_2)
DA:13,2
DA:14,1
DA:15,1
DA:16,4
DA:17,4
DA:18,3
DA:21,1
DA:24,1
DA:29,5
DA:38,1
LF:10
LH:10
BRDA:13,0,0,1
BRDA:13,0,1,1
BRDA:17,1,0,3
BRDA:17,1,1,1
BRF:4
BRH:4
end_of_record
TN:
SF:C:\Users\brads\Desktop\QA\QA-Concourse-Frontend\src\components\components\table-component\qa-table.component.js
FN:11,(anonymous_0)
FN:21,(anonymous_1)
FN:25,(anonymous_2)
FN:29,(anonymous_3)
FN:31,(anonymous_4)
FN:41,(anonymous_5)
FNF:6
FNH:6
FNDA:17,(anonymous_0)
FNDA:17,(anonymous_1)
FNDA:7,(anonymous_2)
FNDA:24,(anonymous_3)
FNDA:46,(anonymous_4)
FNDA:41,(anonymous_5)
DA:12,17
DA:14,17
DA:22,17
DA:26,7
DA:30,24
DA:31,24
DA:32,46
DA:34,24
DA:42,41
DA:44,41
DA:46,41
LF:11
LH:11
BRF:0
BRH:0
end_of_record
TN:
SF:C:\Users\brads\Desktop\QA\QA-Concourse-Frontend\src\components\modules\AccessDenied.js
FN:8,(anonymous_0)
FN:17,(anonymous_1)
FNF:2
FNH:0
FNDA:0,(anonymous_0)
FNDA:0,(anonymous_1)
DA:9,0
DA:10,0
DA:12,0
DA:13,0
DA:18,0
LF:5
LH:0
BRDA:9,0,0,0
BRDA:9,0,1,0
BRF:2
BRH:0
end_of_record
TN:
SF:C:\Users\brads\Desktop\QA\QA-Concourse-Frontend\src\components\modules\authService.js
FN:15,login
FN:24,(anonymous_1)
FN:33,logout
FNF:3
FNH:0
FNDA:0,login
FNDA:0,(anonymous_1)
FNDA:0,logout
DA:5,5
DA:6,5
DA:8,5
DA:12,41
DA:16,0
DA:22,0
DA:26,0
DA:27,0
DA:29,0
DA:35,0
DA:36,0
LF:11
LH:4
BRF:0
BRH:0
end_of_record
TN:
SF:C:\Users\brads\Desktop\QA\QA-Concourse-Frontend\src\components\modules\handle-response.js
FN:3,handleResponse
FN:4,(anonymous_1)
FNF:2
FNH:0
FNDA:0,handleResponse
FNDA:0,(anonymous_1)
DA:4,0
DA:5,0
DA:6,0
DA:7,0
DA:8,0
DA:9,0
DA:12,0
DA:13,0
DA:15,0
LF:9
LH:0
BRDA:5,0,0,0
BRDA:5,0,1,0
BRDA:6,1,0,0
BRDA:6,1,1,0
BRDA:7,2,0,0
BRDA:7,2,1,0
BRDA:12,3,0,0
BRDA:12,3,1,0
BRDA:12,3,2,0
BRF:9
BRH:0
end_of_record
