TN:
SF:C:\Users\Bibek Gurung\Documents\QA Bursary Project\Github\0719(July)\quikfix\QA-Concourse-Frontend\src\components\cost-Report.component.js
FN:21,(anonymous_0)
FN:70,(anonymous_1)
FN:72,(anonymous_2)
FN:73,(anonymous_3)
FN:88,(anonymous_4)
FN:91,(anonymous_5)
FN:130,(anonymous_6)
FN:160,(anonymous_7)
FN:181,(anonymous_8)
FN:187,(anonymous_9)
FN:196,(anonymous_10)
FN:206,(anonymous_11)
FN:207,(anonymous_12)
FN:212,(anonymous_13)
FN:216,(anonymous_14)
FN:228,(anonymous_15)
FN:234,(anonymous_16)
FN:243,(anonymous_17)
FN:252,(anonymous_18)
FN:255,(anonymous_19)
FN:291,(anonymous_20)
FN:293,(anonymous_21)
FN:294,(anonymous_22)
FN:315,(anonymous_23)
FN:317,(anonymous_24)
FN:371,(anonymous_25)
FN:400,(anonymous_26)
FN:424,(anonymous_27)
FN:433,(anonymous_28)
FN:440,(anonymous_29)
FN:459,(anonymous_30)
FN:505,(anonymous_31)
FN:520,(anonymous_32)
FN:530,(anonymous_33)
FN:539,(anonymous_34)
FN:547,(anonymous_35)
FN:590,(anonymous_36)
FN:599,(anonymous_37)
FN:612,(anonymous_38)
FN:664,(anonymous_39)
FN:669,(anonymous_40)
FN:671,(anonymous_41)
FN:674,(anonymous_42)
FN:678,(anonymous_43)
FN:686,(anonymous_44)
FN:688,(anonymous_45)
FN:690,(anonymous_46)
FN:696,(anonymous_47)
FN:698,(anonymous_48)
FN:700,(anonymous_49)
FN:702,(anonymous_50)
FN:708,(anonymous_51)
FN:710,(anonymous_52)
FN:711,(anonymous_53)
FN:713,(anonymous_54)
FN:719,(anonymous_55)
FN:721,(anonymous_56)
FN:722,(anonymous_57)
FN:724,(anonymous_58)
FNF:59
FNH:27
FNDA:18,(anonymous_0)
FNDA:19,(anonymous_1)
FNDA:0,(anonymous_2)
FNDA:0,(anonymous_3)
FNDA:0,(anonymous_4)
FNDA:0,(anonymous_5)
FNDA:0,(anonymous_6)
FNDA:0,(anonymous_7)
FNDA:1,(anonymous_8)
FNDA:1,(anonymous_9)
FNDA:1,(anonymous_10)
FNDA:1,(anonymous_11)
FNDA:1,(anonymous_12)
FNDA:0,(anonymous_13)
FNDA:0,(anonymous_14)
FNDA:1,(anonymous_15)
FNDA:1,(anonymous_16)
FNDA:1,(anonymous_17)
FNDA:0,(anonymous_18)
FNDA:1,(anonymous_19)
FNDA:0,(anonymous_20)
FNDA:0,(anonymous_21)
FNDA:0,(anonymous_22)
FNDA:0,(anonymous_23)
FNDA:0,(anonymous_24)
FNDA:0,(anonymous_25)
FNDA:0,(anonymous_26)
FNDA:1,(anonymous_27)
FNDA:1,(anonymous_28)
FNDA:1,(anonymous_29)
FNDA:27,(anonymous_30)
FNDA:0,(anonymous_31)
FNDA:0,(anonymous_32)
FNDA:0,(anonymous_33)
FNDA:0,(anonymous_34)
FNDA:0,(anonymous_35)
FNDA:0,(anonymous_36)
FNDA:0,(anonymous_37)
FNDA:0,(anonymous_38)
FNDA:25,(anonymous_39)
FNDA:25,(anonymous_40)
FNDA:0,(anonymous_41)
FNDA:25,(anonymous_42)
FNDA:25,(anonymous_43)
FNDA:25,(anonymous_44)
FNDA:25,(anonymous_45)
FNDA:0,(anonymous_46)
FNDA:25,(anonymous_47)
FNDA:0,(anonymous_48)
FNDA:25,(anonymous_49)
FNDA:0,(anonymous_50)
FNDA:25,(anonymous_51)
FNDA:0,(anonymous_52)
FNDA:25,(anonymous_53)
FNDA:0,(anonymous_54)
FNDA:25,(anonymous_55)
FNDA:0,(anonymous_56)
FNDA:25,(anonymous_57)
FNDA:0,(anonymous_58)
DA:22,18
DA:24,18
DA:58,18
DA:59,18
DA:60,18
DA:61,18
DA:62,18
DA:63,18
DA:64,18
DA:65,18
DA:66,18
DA:67,18
DA:71,19
DA:73,0
DA:74,0
DA:75,0
DA:77,0
DA:78,0
DA:79,0
DA:80,0
DA:81,0
DA:82,0
DA:83,0
DA:84,0
DA:85,0
DA:88,0
DA:89,0
DA:90,0
DA:91,0
DA:92,0
DA:94,0
DA:95,0
DA:97,0
DA:98,0
DA:99,0
DA:100,0
DA:103,0
DA:104,0
DA:105,0
DA:106,0
DA:108,0
DA:109,0
DA:121,0
DA:122,0
DA:125,0
DA:126,0
DA:127,0
DA:128,0
DA:129,0
DA:130,0
DA:131,0
DA:132,0
DA:133,0
DA:136,0
DA:137,0
DA:138,0
DA:139,0
DA:140,0
DA:142,0
DA:159,19
DA:161,0
DA:162,0
DA:163,0
DA:164,0
DA:168,0
DA:174,19
DA:175,0
DA:182,1
DA:188,1
DA:189,1
DA:190,1
DA:191,1
DA:197,1
DA:198,1
DA:199,1
DA:200,1
DA:201,1
DA:207,1
DA:213,0
DA:214,0
DA:215,0
DA:216,0
DA:217,0
DA:219,0
DA:220,0
DA:222,0
DA:223,0
DA:225,0
DA:229,1
DA:230,1
DA:235,1
DA:244,1
DA:245,1
DA:246,1
DA:248,0
DA:249,0
DA:251,1
DA:252,0
DA:256,1
DA:290,1
DA:292,0
DA:294,0
DA:295,0
DA:296,0
DA:297,0
DA:301,0
DA:303,0
DA:304,0
DA:305,0
DA:306,0
DA:307,0
DA:308,0
DA:309,0
DA:310,0
DA:311,0
DA:312,0
DA:315,0
DA:316,0
DA:317,0
DA:318,0
DA:320,0
DA:321,0
DA:323,0
DA:324,0
DA:325,0
DA:326,0
DA:329,0
DA:330,0
DA:331,0
DA:332,0
DA:334,0
DA:336,0
DA:337,0
DA:350,0
DA:363,0
DA:364,0
DA:367,0
DA:368,0
DA:369,0
DA:370,0
DA:371,0
DA:372,0
DA:373,0
DA:374,0
DA:378,0
DA:379,0
DA:380,0
DA:382,0
DA:399,1
DA:401,0
DA:402,0
DA:403,0
DA:404,0
DA:408,0
DA:414,1
DA:415,0
DA:419,1
DA:425,1
DA:426,1
DA:434,1
DA:435,1
DA:436,1
DA:437,1
DA:438,1
DA:440,1
DA:441,1
DA:442,1
DA:444,1
DA:445,1
DA:446,1
DA:450,1
DA:451,1
DA:452,1
DA:453,1
DA:454,1
DA:455,1
DA:456,1
DA:460,27
DA:461,27
DA:462,27
DA:463,27
DA:464,27
DA:465,27
DA:466,27
DA:467,27
DA:470,27
DA:471,0
DA:472,0
DA:475,27
DA:476,27
DA:477,0
DA:482,27
DA:483,0
DA:504,27
DA:505,1
DA:506,0
DA:514,0
DA:519,27
DA:520,1
DA:521,0
DA:522,0
DA:523,0
DA:529,27
DA:530,26
DA:531,0
DA:532,0
DA:537,27
DA:538,1
DA:539,1
DA:540,0
DA:541,0
DA:542,0
DA:546,0
DA:547,0
DA:548,0
DA:549,0
DA:550,0
DA:557,27
DA:558,0
DA:563,27
DA:590,0
DA:599,0
DA:612,0
DA:664,25
DA:669,25
DA:671,0
DA:674,25
DA:678,25
DA:686,25
DA:689,25
DA:690,25
DA:691,0
DA:693,25
DA:696,25
DA:698,0
DA:701,25
DA:702,25
DA:703,0
DA:705,25
DA:708,25
DA:710,0
DA:712,25
DA:713,25
DA:714,0
DA:716,25
DA:719,25
DA:721,0
DA:723,25
DA:724,25
DA:725,0
DA:727,25
LF:251
LH:101
BRDA:74,0,0,0
BRDA:74,0,1,0
BRDA:94,1,0,0
BRDA:94,1,1,0
BRDA:94,2,0,0
BRDA:94,2,1,0
BRDA:97,3,0,0
BRDA:97,3,1,0
BRDA:127,4,0,0
BRDA:127,4,1,0
BRDA:127,5,0,0
BRDA:127,5,1,0
BRDA:129,6,0,0
BRDA:129,6,1,0
BRDA:161,7,0,0
BRDA:161,7,1,0
BRDA:163,8,0,0
BRDA:163,8,1,0
BRDA:174,9,0,0
BRDA:174,9,1,19
BRDA:174,10,0,19
BRDA:174,10,1,19
BRDA:215,11,0,0
BRDA:215,11,1,0
BRDA:245,12,0,1
BRDA:245,12,1,0
BRDA:248,13,0,0
BRDA:248,13,1,0
BRDA:296,14,0,0
BRDA:296,14,1,0
BRDA:296,15,0,0
BRDA:296,15,1,0
BRDA:320,16,0,0
BRDA:320,16,1,0
BRDA:320,17,0,0
BRDA:320,17,1,0
BRDA:323,18,0,0
BRDA:323,18,1,0
BRDA:336,19,0,0
BRDA:336,19,1,0
BRDA:367,20,0,0
BRDA:367,20,1,0
BRDA:367,21,0,0
BRDA:367,21,1,0
BRDA:369,22,0,0
BRDA:369,22,1,0
BRDA:370,23,0,0
BRDA:370,23,1,0
BRDA:401,24,0,0
BRDA:401,24,1,0
BRDA:403,25,0,0
BRDA:403,25,1,0
BRDA:414,26,0,0
BRDA:414,26,1,1
BRDA:414,27,0,1
BRDA:414,27,1,1
BRDA:470,28,0,0
BRDA:470,28,1,27
BRDA:471,29,0,0
BRDA:471,29,1,0
BRDA:475,30,0,27
BRDA:475,30,1,0
BRDA:476,31,0,0
BRDA:476,31,1,27
BRDA:482,32,0,0
BRDA:482,32,1,27
BRDA:504,33,0,1
BRDA:504,33,1,26
BRDA:506,34,0,0
BRDA:506,34,1,0
BRDA:506,35,0,0
BRDA:506,35,1,0
BRDA:506,35,2,0
BRDA:506,35,3,0
BRDA:506,35,4,0
BRDA:506,35,5,0
BRDA:506,35,6,0
BRDA:506,35,7,0
BRDA:519,36,0,1
BRDA:519,36,1,26
BRDA:521,37,0,0
BRDA:521,37,1,0
BRDA:529,38,0,26
BRDA:529,38,1,1
BRDA:531,39,0,0
BRDA:531,39,1,0
BRDA:531,40,0,0
BRDA:531,40,1,0
BRDA:537,41,0,1
BRDA:537,41,1,26
BRDA:538,42,0,1
BRDA:538,42,1,0
BRDA:541,43,0,0
BRDA:541,43,1,0
BRDA:546,44,0,0
BRDA:546,44,1,0
BRDA:549,45,0,0
BRDA:549,45,1,0
BRDA:557,46,0,0
BRDA:557,46,1,27
BRDA:629,47,0,27
BRDA:629,47,1,1
BRDA:629,47,2,0
BRDA:661,48,0,0
BRDA:661,48,1,27
BRF:105
BRH:24
end_of_record
TN:
SF:C:\Users\Bibek Gurung\Documents\QA Bursary Project\Github\0719(July)\quikfix\QA-Concourse-Frontend\src\components\create-trainee.component.js
FN:20,(anonymous_0)
FN:74,(anonymous_1)
FN:76,(anonymous_2)
FN:88,(anonymous_3)
FN:97,(anonymous_4)
FN:104,(anonymous_5)
FN:111,(anonymous_6)
FN:117,(anonymous_7)
FN:123,(anonymous_8)
FN:129,(anonymous_9)
FN:135,(anonymous_10)
FN:143,(anonymous_11)
FN:150,(anonymous_12)
FN:161,(anonymous_13)
FN:171,(anonymous_14)
FN:188,(anonymous_15)
FN:194,(anonymous_16)
FN:214,(anonymous_17)
FN:235,(anonymous_18)
FN:247,(anonymous_19)
FN:253,(anonymous_20)
FN:259,(anonymous_21)
FN:265,(anonymous_22)
FN:271,(anonymous_23)
FN:277,(anonymous_24)
FN:285,(anonymous_25)
FN:292,(anonymous_26)
FN:300,(anonymous_27)
FN:310,(anonymous_28)
FN:318,(anonymous_29)
FN:325,(anonymous_30)
FN:329,(anonymous_31)
FN:334,(anonymous_32)
FN:378,(anonymous_33)
FN:388,(anonymous_34)
FN:425,(anonymous_35)
FN:433,(anonymous_36)
FN:441,(anonymous_37)
FN:452,(anonymous_38)
FN:461,(anonymous_39)
FNF:40
FNH:13
FNDA:27,(anonymous_0)
FNDA:28,(anonymous_1)
FNDA:0,(anonymous_2)
FNDA:0,(anonymous_3)
FNDA:0,(anonymous_4)
FNDA:0,(anonymous_5)
FNDA:1,(anonymous_6)
FNDA:1,(anonymous_7)
FNDA:1,(anonymous_8)
FNDA:0,(anonymous_9)
FNDA:0,(anonymous_10)
FNDA:0,(anonymous_11)
FNDA:0,(anonymous_12)
FNDA:0,(anonymous_13)
FNDA:0,(anonymous_14)
FNDA:0,(anonymous_15)
FNDA:0,(anonymous_16)
FNDA:0,(anonymous_17)
FNDA:1,(anonymous_18)
FNDA:1,(anonymous_19)
FNDA:0,(anonymous_20)
FNDA:0,(anonymous_21)
FNDA:1,(anonymous_22)
FNDA:1,(anonymous_23)
FNDA:0,(anonymous_24)
FNDA:0,(anonymous_25)
FNDA:0,(anonymous_26)
FNDA:0,(anonymous_27)
FNDA:0,(anonymous_28)
FNDA:0,(anonymous_29)
FNDA:2,(anonymous_30)
FNDA:2,(anonymous_31)
FNDA:1,(anonymous_32)
FNDA:0,(anonymous_33)
FNDA:0,(anonymous_34)
FNDA:0,(anonymous_35)
FNDA:0,(anonymous_36)
FNDA:0,(anonymous_37)
FNDA:39,(anonymous_38)
FNDA:0,(anonymous_39)
DA:21,27
DA:22,27
DA:23,27
DA:24,27
DA:25,27
DA:26,27
DA:27,27
DA:28,27
DA:29,27
DA:30,27
DA:31,27
DA:32,27
DA:33,27
DA:34,27
DA:36,27
DA:75,28
DA:77,0
DA:78,0
DA:79,0
DA:80,0
DA:84,0
DA:85,0
DA:88,0
DA:89,0
DA:90,0
DA:97,28
DA:98,0
DA:101,0
DA:104,28
DA:105,0
DA:112,1
DA:118,1
DA:124,1
DA:130,0
DA:136,0
DA:140,0
DA:144,0
DA:147,0
DA:151,0
DA:157,0
DA:158,0
DA:162,0
DA:168,0
DA:172,0
DA:173,0
DA:180,0
DA:189,0
DA:195,0
DA:196,0
DA:198,0
DA:199,0
DA:200,0
DA:205,0
DA:208,0
DA:209,0
DA:215,0
DA:216,0
DA:218,0
DA:219,0
DA:220,0
DA:223,0
DA:226,0
DA:229,0
DA:230,0
DA:236,1
DA:237,1
DA:241,0
DA:248,1
DA:254,0
DA:260,0
DA:266,1
DA:272,1
DA:278,0
DA:279,0
DA:283,0
DA:286,0
DA:287,0
DA:289,0
DA:293,0
DA:294,0
DA:298,0
DA:301,0
DA:302,0
DA:304,0
DA:306,0
DA:307,0
DA:311,0
DA:314,0
DA:315,0
DA:319,0
DA:326,2
DA:329,2
DA:335,1
DA:339,1
DA:341,1
DA:342,0
DA:344,1
DA:345,0
DA:347,1
DA:348,0
DA:350,1
DA:351,0
DA:355,1
DA:357,0
DA:358,0
DA:360,0
DA:361,0
DA:363,0
DA:365,0
DA:366,0
DA:369,0
DA:371,0
DA:372,0
DA:375,1
DA:376,1
DA:377,1
DA:378,0
DA:379,0
DA:380,0
DA:383,0
DA:387,1
DA:388,0
DA:389,0
DA:390,0
DA:393,0
DA:397,1
DA:421,1
DA:422,1
DA:423,1
DA:424,1
DA:426,0
DA:427,0
DA:430,0
DA:434,0
DA:437,0
DA:442,0
DA:443,0
DA:444,0
DA:453,39
DA:454,0
DA:457,39
DA:461,0
LF:142
LH:46
BRDA:77,0,0,0
BRDA:77,0,1,0
BRDA:79,1,0,0
BRDA:79,1,1,0
BRDA:172,2,0,0
BRDA:172,2,1,0
BRDA:199,3,0,0
BRDA:199,3,1,0
BRDA:219,4,0,0
BRDA:219,4,1,0
BRDA:236,5,0,1
BRDA:236,5,1,0
BRDA:278,6,0,0
BRDA:278,6,1,0
BRDA:293,7,0,0
BRDA:293,7,1,0
BRDA:339,8,0,1
BRDA:339,8,1,0
BRDA:341,9,0,0
BRDA:341,9,1,1
BRDA:341,10,0,1
BRDA:341,10,1,1
BRDA:344,11,0,0
BRDA:344,11,1,1
BRDA:347,12,0,0
BRDA:347,12,1,1
BRDA:347,13,0,1
BRDA:347,13,1,1
BRDA:350,14,0,0
BRDA:350,14,1,1
BRDA:355,15,0,0
BRDA:355,15,1,0
BRDA:355,15,2,0
BRDA:355,15,3,0
BRDA:355,15,4,1
BRDA:365,16,0,0
BRDA:365,16,1,0
BRDA:371,17,0,0
BRDA:371,17,1,0
BRDA:377,18,0,0
BRDA:377,18,1,1
BRDA:379,19,0,0
BRDA:379,19,1,0
BRDA:387,20,0,0
BRDA:387,20,1,1
BRDA:389,21,0,0
BRDA:389,21,1,0
BRDA:426,22,0,0
BRDA:426,22,1,0
BRDA:453,23,0,0
BRDA:453,23,1,39
BRDA:453,24,0,39
BRDA:453,24,1,39
BRF:53
BRH:16
end_of_record
TN:
SF:C:\Users\Bibek Gurung\Documents\QA Bursary Project\Github\0719(July)\quikfix\QA-Concourse-Frontend\src\components\expenses-trainee.component.js
FN:12,(anonymous_0)
FN:30,(anonymous_1)
FN:33,(anonymous_2)
FN:39,(anonymous_3)
FN:42,(anonymous_4)
FN:58,(anonymous_5)
FN:64,(anonymous_6)
FN:70,(anonymous_7)
FN:72,(anonymous_8)
FN:76,(anonymous_9)
FN:80,(anonymous_10)
FN:83,(anonymous_11)
FN:96,(anonymous_12)
FN:101,(anonymous_13)
FN:102,(anonymous_14)
FN:113,(anonymous_15)
FN:173,(anonymous_16)
FN:178,(anonymous_17)
FN:180,(anonymous_18)
FN:192,(anonymous_19)
FNF:20
FNH:8
FNDA:13,(anonymous_0)
FNDA:1,(anonymous_1)
FNDA:0,(anonymous_2)
FNDA:1,(anonymous_3)
FNDA:2,(anonymous_4)
FNDA:1,(anonymous_5)
FNDA:1,(anonymous_6)
FNDA:14,(anonymous_7)
FNDA:0,(anonymous_8)
FNDA:0,(anonymous_9)
FNDA:0,(anonymous_10)
FNDA:0,(anonymous_11)
FNDA:0,(anonymous_12)
FNDA:0,(anonymous_13)
FNDA:0,(anonymous_14)
FNDA:22,(anonymous_15)
FNDA:0,(anonymous_16)
FNDA:0,(anonymous_17)
FNDA:0,(anonymous_18)
FNDA:0,(anonymous_19)
DA:13,13
DA:15,13
DA:17,13
DA:32,1
DA:34,0
DA:35,0
DA:39,1
DA:43,2
DA:44,1
DA:49,1
DA:53,2
DA:59,1
DA:65,1
DA:71,14
DA:73,0
DA:74,0
DA:77,0
DA:79,14
DA:81,0
DA:82,0
DA:84,0
DA:85,0
DA:88,0
DA:93,0
DA:97,0
DA:100,14
DA:102,0
DA:104,0
DA:106,0
DA:109,0
DA:114,22
DA:115,0
DA:120,22
DA:121,22
DA:122,22
DA:123,22
DA:124,22
DA:174,0
DA:179,0
DA:180,0
DA:192,0
LF:41
LH:20
BRDA:43,0,0,1
BRDA:43,0,1,1
BRDA:81,1,0,0
BRDA:81,1,1,0
BRDA:84,2,0,0
BRDA:84,2,1,0
BRDA:114,3,0,0
BRDA:114,3,1,22
BRDA:155,4,0,3
BRDA:155,4,1,19
BRDA:179,5,0,0
BRDA:179,5,1,0
BRF:12
BRH:5
end_of_record
TN:
SF:C:\Users\Bibek Gurung\Documents\QA Bursary Project\Github\0719(July)\quikfix\QA-Concourse-Frontend\src\components\user-history.component.js
FN:14,(anonymous_0)
FN:35,(anonymous_1)
FN:38,(anonymous_2)
FN:53,(anonymous_3)
FN:61,(anonymous_4)
FN:69,(anonymous_5)
FN:71,(anonymous_6)
FN:77,(anonymous_7)
FN:81,(anonymous_8)
FN:84,(anonymous_9)
FN:97,(anonymous_10)
FN:101,(anonymous_11)
FN:102,(anonymous_12)
FN:107,(anonymous_13)
FN:126,(anonymous_14)
FN:137,(anonymous_15)
FN:155,(anonymous_16)
FNF:17
FNH:9
FNDA:17,(anonymous_0)
FNDA:1,(anonymous_1)
FNDA:0,(anonymous_2)
FNDA:1,(anonymous_3)
FNDA:1,(anonymous_4)
FNDA:18,(anonymous_5)
FNDA:0,(anonymous_6)
FNDA:0,(anonymous_7)
FNDA:0,(anonymous_8)
FNDA:0,(anonymous_9)
FNDA:0,(anonymous_10)
FNDA:1,(anonymous_11)
FNDA:1,(anonymous_12)
FNDA:26,(anonymous_13)
FNDA:0,(anonymous_14)
FNDA:0,(anonymous_15)
FNDA:1,(anonymous_16)
DA:15,17
DA:17,17
DA:30,17
DA:31,17
DA:32,17
DA:36,1
DA:37,1
DA:38,1
DA:39,0
DA:40,0
DA:41,0
DA:44,1
DA:45,1
DA:49,0
DA:54,1
DA:55,1
DA:56,1
DA:58,1
DA:62,1
DA:70,18
DA:72,0
DA:75,0
DA:78,0
DA:80,18
DA:82,0
DA:83,0
DA:85,0
DA:86,0
DA:89,0
DA:94,0
DA:98,0
DA:102,1
DA:108,26
DA:109,0
DA:114,26
DA:118,26
DA:119,26
DA:120,26
DA:121,26
DA:122,26
DA:123,26
DA:124,26
DA:125,1
DA:126,1
DA:127,0
DA:128,0
DA:129,0
DA:130,0
DA:131,0
DA:132,0
DA:136,0
DA:137,0
DA:138,0
DA:139,0
DA:140,0
DA:145,26
DA:146,0
DA:147,0
DA:150,26
DA:155,1
LF:60
LH:32
BRDA:36,0,0,1
BRDA:36,0,1,0
BRDA:40,1,0,0
BRDA:40,1,1,0
BRDA:82,2,0,0
BRDA:82,2,1,0
BRDA:85,3,0,0
BRDA:85,3,1,0
BRDA:108,4,0,0
BRDA:108,4,1,26
BRDA:124,5,0,1
BRDA:124,5,1,25
BRDA:125,6,0,1
BRDA:125,6,1,0
BRDA:131,7,0,0
BRDA:131,7,1,0
BRDA:136,8,0,0
BRDA:136,8,1,0
BRDA:139,9,0,0
BRDA:139,9,1,0
BRDA:176,10,0,26
BRDA:176,10,1,1
BRDA:176,10,2,0
BRF:23
BRH:7
end_of_record
TN:
SF:C:\Users\Bibek Gurung\Documents\QA Bursary Project\Github\0719(July)\quikfix\QA-Concourse-Frontend\src\components\components\calendar-component\calendar.component.js
FN:12,(anonymous_0)
FN:29,(anonymous_1)
FN:38,(anonymous_2)
FN:65,(anonymous_3)
FNF:4
FNH:2
FNDA:1,(anonymous_0)
FNDA:0,(anonymous_1)
FNDA:0,(anonymous_2)
FNDA:1,(anonymous_3)
DA:13,1
DA:14,1
DA:15,1
DA:17,1
DA:30,0
DA:34,0
DA:35,0
DA:40,0
DA:42,0
DA:43,0
DA:45,0
DA:46,0
DA:49,0
DA:51,0
DA:52,0
DA:54,0
DA:55,0
DA:58,0
DA:61,0
DA:66,1
LF:20
LH:5
BRDA:32,0,0,0
BRDA:32,0,1,0
BRDA:35,1,0,0
BRDA:35,1,1,0
BRDA:42,2,0,0
BRDA:42,2,1,0
BRDA:45,3,0,0
BRDA:45,3,1,0
BRDA:49,4,0,0
BRDA:49,4,1,0
BRDA:49,4,2,0
BRDA:68,5,0,1
BRDA:68,5,1,0
BRDA:85,6,0,1
BRDA:85,6,1,0
BRF:15
BRH:2
end_of_record
TN:
SF:C:\Users\Bibek Gurung\Documents\QA Bursary Project\Github\0719(July)\quikfix\QA-Concourse-Frontend\src\components\components\search-bar-component\demoDisplay.component.js
FN:5,(anonymous_0)
FN:7,(anonymous_1)
FNF:2
FNH:2
FNDA:4,(anonymous_0)
FNDA:11,(anonymous_1)
DA:5,1
DA:6,4
DA:8,11
DA:9,11
DA:18,1
LF:5
LH:5
BRDA:5,0,0,1
BRF:1
BRH:1
end_of_record
TN:
SF:C:\Users\Bibek Gurung\Documents\QA Bursary Project\Github\0719(July)\quikfix\QA-Concourse-Frontend\src\components\components\search-bar-component\searchBar.component.js
FN:10,(anonymous_0)
FN:16,(anonymous_1)
FN:20,(anonymous_2)
FNF:3
FNH:3
FNDA:1,(anonymous_0)
FNDA:1,(anonymous_1)
FNDA:29,(anonymous_2)
DA:11,1
DA:12,1
DA:13,1
DA:17,1
DA:21,29
DA:35,2
LF:6
LH:6
BRF:0
BRH:0
end_of_record
TN:
SF:C:\Users\Bibek Gurung\Documents\QA Bursary Project\Github\0719(July)\quikfix\QA-Concourse-Frontend\src\components\components\search-bar-component\searchContainer.component.js
FN:12,(anonymous_0)
FN:15,(anonymous_1)
FN:28,(anonymous_2)
FNF:3
FNH:3
FNDA:2,(anonymous_0)
FNDA:4,(anonymous_1)
FNDA:5,(anonymous_2)
DA:13,2
DA:14,1
DA:15,1
DA:16,4
DA:17,4
DA:18,3
DA:21,1
DA:24,1
DA:29,5
DA:38,1
LF:10
LH:10
BRDA:13,0,0,1
BRDA:13,0,1,1
BRDA:17,1,0,3
BRDA:17,1,1,1
BRF:4
BRH:4
end_of_record
TN:
SF:C:\Users\Bibek Gurung\Documents\QA Bursary Project\Github\0719(July)\quikfix\QA-Concourse-Frontend\src\components\components\table-component\qa-table.component.js
FN:11,(anonymous_0)
FN:21,(anonymous_1)
FN:25,(anonymous_2)
FN:29,(anonymous_3)
FN:31,(anonymous_4)
FN:41,(anonymous_5)
FNF:6
FNH:6
FNDA:17,(anonymous_0)
FNDA:17,(anonymous_1)
FNDA:7,(anonymous_2)
FNDA:24,(anonymous_3)
FNDA:46,(anonymous_4)
FNDA:41,(anonymous_5)
DA:12,17
DA:14,17
DA:22,17
DA:26,7
DA:30,24
DA:31,24
DA:32,46
DA:34,24
DA:42,41
DA:44,41
DA:46,41
LF:11
LH:11
BRF:0
BRH:0
end_of_record
TN:
SF:C:\Users\Bibek Gurung\Documents\QA Bursary Project\Github\0719(July)\quikfix\QA-Concourse-Frontend\src\components\modules\AccessDenied.js
FN:8,(anonymous_0)
FN:17,(anonymous_1)
FNF:2
FNH:0
FNDA:0,(anonymous_0)
FNDA:0,(anonymous_1)
DA:9,0
DA:10,0
DA:12,0
DA:13,0
DA:18,0
LF:5
LH:0
BRDA:9,0,0,0
BRDA:9,0,1,0
BRF:2
BRH:0
end_of_record
TN:
SF:C:\Users\Bibek Gurung\Documents\QA Bursary Project\Github\0719(July)\quikfix\QA-Concourse-Frontend\src\components\modules\authService.js
FN:15,login
FN:24,(anonymous_1)
FN:33,logout
FNF:3
FNH:0
FNDA:0,login
FNDA:0,(anonymous_1)
FNDA:0,logout
DA:5,4
DA:6,4
DA:8,4
DA:12,0
DA:16,0
DA:22,0
DA:26,0
DA:27,0
DA:29,0
DA:35,0
DA:36,0
LF:11
LH:3
BRF:0
BRH:0
end_of_record
TN:
SF:C:\Users\Bibek Gurung\Documents\QA Bursary Project\Github\0719(July)\quikfix\QA-Concourse-Frontend\src\components\modules\handle-response.js
FN:3,handleResponse
FN:4,(anonymous_1)
FNF:2
FNH:0
FNDA:0,handleResponse
FNDA:0,(anonymous_1)
DA:4,0
DA:5,0
DA:6,0
DA:7,0
DA:8,0
DA:9,0
DA:12,0
DA:13,0
DA:15,0
LF:9
LH:0
BRDA:5,0,0,0
BRDA:5,0,1,0
BRDA:6,1,0,0
BRDA:6,1,1,0
BRDA:7,2,0,0
BRDA:7,2,1,0
BRDA:12,3,0,0
BRDA:12,3,1,0
BRDA:12,3,2,0
BRF:9
BRH:0
end_of_record
